----------------- Options ---------------
               batch_size: 70                            	[default: 32]
                    beta1: 0.5                           
          checkpoints_dir: ./checkpoints                 
               clip_value: 0.01                          
           continue_train: True                          	[default: False]
                crop_size: 256                           
                 dataroot: ./datasets/oracle-6h-4k       	[default: None]
             dataset_mode: aligned                       
                direction: BtoA                          	[default: AtoB]
              display_env: main                          
             display_freq: 400                           
               display_id: 0                             
            display_ncols: 4                             
             display_port: 8097                          
           display_server: http://localhost              
          display_winsize: 256                           
                    epoch: latest                        
              epoch_count: 1                             
                 gan_mode: vanilla                       
                  gpu_ids: 0                             
                init_gain: 0.02                          
                init_type: normal                        
                 input_nc: 1                             	[default: 3]
                  isTrain: True                          	[default: None]
                lambda_L1: 10.0                          
                load_iter: 0                             	[default: 0]
                load_size: 286                           
                       lr: 0.0002                        
           lr_decay_iters: 50                            
                lr_policy: linear                        
         max_dataset_size: inf                           
                    model: pix2pix                       
                 n_epochs: 100                           
           n_epochs_decay: 0                             	[default: 100]
               n_layers_D: 3                             
                     name: new_model_name                	[default: experiment_name]
                      ndf: 64                            
                     netD: basic                         
                     netG: unet_256                      
                      ngf: 64                            
               no_dropout: False                         
                  no_flip: False                         
                  no_html: False                         
                     norm: batch                         
              num_threads: 4                             
                output_nc: 1                             	[default: 3]
                    phase: train                         
                pool_size: 0                             
               preprocess: resize_and_crop               
               print_freq: 700                           	[default: 100]
             save_by_iter: False                         
          save_epoch_freq: 20                            
         save_latest_freq: 14000                         	[default: 5000]
                 semi_sup: 1                             	[default: 0]
          semi_sup_weight: 0.3                           	[default: 1.0]
           serial_batches: False                         
                   suffix:                               
         update_html_freq: 1000                          
                use_wandb: False                         
                  verbose: False                         
----------------- End -------------------
dataset [AlignedDataset] was created
The number of training images = 4441
dataset [AlignedDataset] was created
The number of unlabeled training images = 2000
initialize network with normal
initialize network with normal
model [Pix2PixModel] was created
loading the model from ./checkpoints/new_model_name/latest_net_G.pth
loading the model from ./checkpoints/new_model_name/latest_net_D.pth
---------- Networks initialized -------------
[Network G] Total number of parameters : 54.408 M
[Network D] Total number of parameters : 2.765 M
-----------------------------------------------
create web directory ./checkpoints/new_model_name/web...
learning rate 0.0002000 -> 0.0002000
(epoch: 1, iters: 700, time: 0.067, data: 1.350) G_GAN: 1.208 G_L1: 2.287 D_real: 0.512 D_fake: 0.445 semi_sup: 0.225 
(epoch: 1, iters: 1400, time: 0.069, data: 0.012) G_GAN: 0.914 G_L1: 2.647 D_real: 0.565 D_fake: 0.595 semi_sup: 0.219 
(epoch: 1, iters: 2100, time: 0.050, data: 0.012) G_GAN: 0.981 G_L1: 2.601 D_real: 0.858 D_fake: 0.507 semi_sup: 0.213 
(epoch: 1, iters: 2800, time: 0.074, data: 0.008) G_GAN: 0.738 G_L1: 2.573 D_real: 0.880 D_fake: 0.454 semi_sup: 0.166 
(epoch: 1, iters: 3500, time: 0.075, data: 0.010) G_GAN: 0.802 G_L1: 2.724 D_real: 0.535 D_fake: 0.917 semi_sup: 0.108 
(epoch: 1, iters: 4200, time: 0.076, data: 0.009) G_GAN: 0.749 G_L1: 2.981 D_real: 0.736 D_fake: 0.608 semi_sup: 0.077 
End of epoch 1 / 100 	 Time Taken: 223 sec
learning rate 0.0002000 -> 0.0002000
(epoch: 2, iters: 420, time: 0.077, data: 0.009) G_GAN: 0.907 G_L1: 2.938 D_real: 0.476 D_fake: 0.696 semi_sup: 0.061 
(epoch: 2, iters: 1120, time: 0.078, data: 0.009) G_GAN: 0.660 G_L1: 2.889 D_real: 0.767 D_fake: 0.568 semi_sup: 0.051 
(epoch: 2, iters: 1820, time: 0.079, data: 0.010) G_GAN: 0.918 G_L1: 3.255 D_real: 0.612 D_fake: 0.640 semi_sup: 0.049 
(epoch: 2, iters: 2520, time: 0.079, data: 0.011) G_GAN: 0.705 G_L1: 3.073 D_real: 0.764 D_fake: 0.711 semi_sup: 0.047 
(epoch: 2, iters: 3220, time: 0.079, data: 0.010) G_GAN: 0.588 G_L1: 2.807 D_real: 0.779 D_fake: 0.484 semi_sup: 0.039 
(epoch: 2, iters: 3920, time: 0.080, data: 0.009) G_GAN: 0.775 G_L1: 2.906 D_real: 0.616 D_fake: 0.734 semi_sup: 0.039 
End of epoch 2 / 100 	 Time Taken: 229 sec
learning rate 0.0002000 -> 0.0002000
(epoch: 3, iters: 140, time: 0.079, data: 0.012) G_GAN: 0.855 G_L1: 3.268 D_real: 0.729 D_fake: 0.577 semi_sup: 0.041 
(epoch: 3, iters: 840, time: 0.078, data: 0.012) G_GAN: 0.899 G_L1: 2.896 D_real: 0.575 D_fake: 0.616 semi_sup: 0.032 
(epoch: 3, iters: 1540, time: 0.078, data: 0.012) G_GAN: 0.662 G_L1: 3.004 D_real: 0.616 D_fake: 0.720 semi_sup: 0.033 
(epoch: 3, iters: 2240, time: 0.078, data: 0.011) G_GAN: 0.649 G_L1: 3.114 D_real: 0.905 D_fake: 0.513 semi_sup: 0.032 
(epoch: 3, iters: 2940, time: 0.078, data: 0.009) G_GAN: 0.681 G_L1: 2.862 D_real: 0.766 D_fake: 0.569 semi_sup: 0.030 
(epoch: 3, iters: 3640, time: 0.078, data: 0.010) G_GAN: 0.851 G_L1: 2.991 D_real: 0.608 D_fake: 0.569 semi_sup: 0.027 
(epoch: 3, iters: 4340, time: 0.078, data: 0.010) G_GAN: 0.953 G_L1: 3.093 D_real: 0.588 D_fake: 0.637 semi_sup: 0.036 
End of epoch 3 / 100 	 Time Taken: 228 sec
learning rate 0.0002000 -> 0.0002000
(epoch: 4, iters: 560, time: 0.078, data: 0.010) G_GAN: 0.800 G_L1: 2.862 D_real: 0.567 D_fake: 0.637 semi_sup: 0.029 
saving the latest model (epoch 4, total_iters 14000)
(epoch: 4, iters: 1260, time: 0.079, data: 0.009) G_GAN: 0.655 G_L1: 3.002 D_real: 1.005 D_fake: 0.538 semi_sup: 0.031 
(epoch: 4, iters: 1960, time: 0.079, data: 0.009) G_GAN: 0.790 G_L1: 2.923 D_real: 0.705 D_fake: 0.617 semi_sup: 0.027 
(epoch: 4, iters: 2660, time: 0.079, data: 0.010) G_GAN: 0.942 G_L1: 3.035 D_real: 0.633 D_fake: 0.706 semi_sup: 0.024 
(epoch: 4, iters: 3360, time: 0.079, data: 0.010) G_GAN: 0.631 G_L1: 3.063 D_real: 0.711 D_fake: 0.654 semi_sup: 0.028 
(epoch: 4, iters: 4060, time: 0.079, data: 0.009) G_GAN: 0.660 G_L1: 2.991 D_real: 0.782 D_fake: 0.562 semi_sup: 0.025 
End of epoch 4 / 100 	 Time Taken: 231 sec
learning rate 0.0002000 -> 0.0002000
(epoch: 5, iters: 280, time: 0.079, data: 0.010) G_GAN: 0.885 G_L1: 2.854 D_real: 0.625 D_fake: 0.543 semi_sup: 0.024 
(epoch: 5, iters: 980, time: 0.079, data: 0.012) G_GAN: 0.910 G_L1: 2.893 D_real: 1.019 D_fake: 0.578 semi_sup: 0.026 
(epoch: 5, iters: 1680, time: 0.080, data: 0.010) G_GAN: 0.964 G_L1: 3.267 D_real: 0.530 D_fake: 0.704 semi_sup: 0.026 
(epoch: 5, iters: 2380, time: 0.069, data: 0.012) G_GAN: 0.697 G_L1: 2.967 D_real: 0.782 D_fake: 0.557 semi_sup: 0.024 
(epoch: 5, iters: 3080, time: 0.079, data: 0.604) G_GAN: 0.920 G_L1: 3.162 D_real: 0.556 D_fake: 0.774 semi_sup: 0.026 
(epoch: 5, iters: 3780, time: 0.079, data: 0.012) G_GAN: 0.845 G_L1: 3.193 D_real: 0.494 D_fake: 0.794 semi_sup: 0.022 
(epoch: 5, iters: 4480, time: 0.051, data: 0.010) G_GAN: 1.002 G_L1: 3.206 D_real: 0.536 D_fake: 0.641 semi_sup: 0.023 
End of epoch 5 / 100 	 Time Taken: 232 sec
learning rate 0.0002000 -> 0.0002000
(epoch: 6, iters: 700, time: 0.079, data: 0.476) G_GAN: 0.825 G_L1: 2.800 D_real: 0.591 D_fake: 0.775 semi_sup: 0.021 
(epoch: 6, iters: 1400, time: 0.079, data: 0.009) G_GAN: 0.609 G_L1: 2.874 D_real: 0.883 D_fake: 0.465 semi_sup: 0.022 
(epoch: 6, iters: 2100, time: 0.079, data: 0.009) G_GAN: 0.828 G_L1: 3.071 D_real: 0.674 D_fake: 0.613 semi_sup: 0.022 
(epoch: 6, iters: 2800, time: 0.080, data: 0.009) G_GAN: 0.871 G_L1: 3.016 D_real: 0.547 D_fake: 0.795 semi_sup: 0.023 
(epoch: 6, iters: 3500, time: 0.079, data: 0.010) G_GAN: 0.914 G_L1: 3.065 D_real: 0.584 D_fake: 0.608 semi_sup: 0.022 
(epoch: 6, iters: 4200, time: 0.079, data: 0.012) G_GAN: 0.634 G_L1: 3.033 D_real: 0.870 D_fake: 0.533 semi_sup: 0.025 
End of epoch 6 / 100 	 Time Taken: 230 sec
learning rate 0.0002000 -> 0.0002000
(epoch: 7, iters: 420, time: 0.079, data: 0.010) G_GAN: 0.764 G_L1: 3.056 D_real: 0.630 D_fake: 0.596 semi_sup: 0.021 
(epoch: 7, iters: 1120, time: 0.080, data: 0.011) G_GAN: 0.652 G_L1: 3.013 D_real: 0.756 D_fake: 0.569 semi_sup: 0.022 
saving the latest model (epoch 7, total_iters 28000)
(epoch: 7, iters: 1820, time: 0.079, data: 0.010) G_GAN: 0.985 G_L1: 3.015 D_real: 0.525 D_fake: 0.742 semi_sup: 0.021 
(epoch: 7, iters: 2520, time: 0.079, data: 0.017) G_GAN: 0.755 G_L1: 2.981 D_real: 0.669 D_fake: 0.639 semi_sup: 0.022 
(epoch: 7, iters: 3220, time: 0.079, data: 0.009) G_GAN: 0.865 G_L1: 3.111 D_real: 0.568 D_fake: 0.526 semi_sup: 0.021 
(epoch: 7, iters: 3920, time: 0.079, data: 0.012) G_GAN: 0.804 G_L1: 2.860 D_real: 0.542 D_fake: 0.774 semi_sup: 0.020 
End of epoch 7 / 100 	 Time Taken: 233 sec
learning rate 0.0002000 -> 0.0002000
(epoch: 8, iters: 140, time: 0.079, data: 0.009) G_GAN: 0.578 G_L1: 3.191 D_real: 1.082 D_fake: 0.516 semi_sup: 0.024 
(epoch: 8, iters: 840, time: 0.079, data: 0.013) G_GAN: 0.991 G_L1: 3.099 D_real: 0.632 D_fake: 0.545 semi_sup: 0.028 
(epoch: 8, iters: 1540, time: 0.079, data: 0.010) G_GAN: 0.881 G_L1: 3.173 D_real: 0.449 D_fake: 1.073 semi_sup: 0.025 
(epoch: 8, iters: 2240, time: 0.080, data: 0.010) G_GAN: 0.768 G_L1: 3.116 D_real: 0.713 D_fake: 0.591 semi_sup: 0.024 
(epoch: 8, iters: 2940, time: 0.079, data: 0.010) G_GAN: 0.881 G_L1: 3.087 D_real: 0.599 D_fake: 0.661 semi_sup: 0.023 
(epoch: 8, iters: 3640, time: 0.079, data: 0.010) G_GAN: 0.674 G_L1: 2.851 D_real: 0.834 D_fake: 0.616 semi_sup: 0.022 
(epoch: 8, iters: 4340, time: 0.079, data: 0.009) G_GAN: 0.651 G_L1: 2.928 D_real: 0.835 D_fake: 0.618 semi_sup: 0.023 
End of epoch 8 / 100 	 Time Taken: 231 sec
learning rate 0.0002000 -> 0.0002000
(epoch: 9, iters: 560, time: 0.080, data: 0.010) G_GAN: 0.671 G_L1: 2.858 D_real: 0.728 D_fake: 0.659 semi_sup: 0.022 
(epoch: 9, iters: 1260, time: 0.079, data: 0.010) G_GAN: 0.644 G_L1: 2.934 D_real: 0.775 D_fake: 0.572 semi_sup: 0.021 
(epoch: 9, iters: 1960, time: 0.079, data: 0.010) G_GAN: 0.915 G_L1: 3.118 D_real: 0.578 D_fake: 0.663 semi_sup: 0.021 
(epoch: 9, iters: 2660, time: 0.079, data: 0.010) G_GAN: 0.578 G_L1: 3.070 D_real: 0.978 D_fake: 0.531 semi_sup: 0.022 
(epoch: 9, iters: 3360, time: 0.079, data: 0.010) G_GAN: 0.717 G_L1: 2.874 D_real: 0.702 D_fake: 0.813 semi_sup: 0.023 
(epoch: 9, iters: 4060, time: 0.079, data: 0.010) G_GAN: 0.784 G_L1: 2.826 D_real: 0.594 D_fake: 0.698 semi_sup: 0.022 
End of epoch 9 / 100 	 Time Taken: 231 sec
learning rate 0.0002000 -> 0.0002000
(epoch: 10, iters: 280, time: 0.069, data: 0.010) G_GAN: 0.736 G_L1: 2.838 D_real: 0.698 D_fake: 0.588 semi_sup: 0.021 
(epoch: 10, iters: 980, time: 0.079, data: 0.625) G_GAN: 0.784 G_L1: 3.061 D_real: 0.681 D_fake: 0.764 semi_sup: 0.023 
(epoch: 10, iters: 1680, time: 0.080, data: 0.010) G_GAN: 0.526 G_L1: 3.097 D_real: 0.997 D_fake: 0.558 semi_sup: 0.022 
saving the latest model (epoch 10, total_iters 42000)
(epoch: 10, iters: 2380, time: 0.065, data: 0.012) G_GAN: 0.727 G_L1: 3.170 D_real: 0.642 D_fake: 0.627 semi_sup: 0.021 
(epoch: 10, iters: 3080, time: 0.079, data: 0.010) G_GAN: 0.774 G_L1: 3.373 D_real: 0.656 D_fake: 0.638 semi_sup: 0.023 
(epoch: 10, iters: 3780, time: 0.079, data: 0.010) G_GAN: 0.829 G_L1: 2.915 D_real: 0.467 D_fake: 0.732 semi_sup: 0.018 
(epoch: 10, iters: 4480, time: 0.065, data: 0.009) G_GAN: 0.641 G_L1: 2.932 D_real: 0.886 D_fake: 0.607 semi_sup: 0.023 
End of epoch 10 / 100 	 Time Taken: 234 sec
learning rate 0.0002000 -> 0.0002000
(epoch: 11, iters: 700, time: 0.079, data: 0.508) G_GAN: 0.658 G_L1: 3.043 D_real: 0.764 D_fake: 0.647 semi_sup: 0.021 
(epoch: 11, iters: 1400, time: 0.079, data: 0.009) G_GAN: 0.726 G_L1: 3.147 D_real: 0.741 D_fake: 0.668 semi_sup: 0.021 
(epoch: 11, iters: 2100, time: 0.079, data: 0.012) G_GAN: 0.792 G_L1: 3.013 D_real: 0.637 D_fake: 0.681 semi_sup: 0.021 
(epoch: 11, iters: 2800, time: 0.080, data: 0.010) G_GAN: 0.897 G_L1: 3.130 D_real: 0.598 D_fake: 0.654 semi_sup: 0.020 
(epoch: 11, iters: 3500, time: 0.079, data: 0.010) G_GAN: 0.791 G_L1: 3.085 D_real: 0.608 D_fake: 0.652 semi_sup: 0.022 
(epoch: 11, iters: 4200, time: 0.079, data: 0.010) G_GAN: 0.735 G_L1: 3.130 D_real: 0.579 D_fake: 0.712 semi_sup: 0.021 
End of epoch 11 / 100 	 Time Taken: 230 sec
learning rate 0.0002000 -> 0.0002000
(epoch: 12, iters: 420, time: 0.079, data: 0.011) G_GAN: 0.767 G_L1: 2.965 D_real: 0.670 D_fake: 0.615 semi_sup: 0.021 
(epoch: 12, iters: 1120, time: 0.080, data: 0.009) G_GAN: 0.804 G_L1: 2.956 D_real: 0.579 D_fake: 0.673 semi_sup: 0.019 
(epoch: 12, iters: 1820, time: 0.079, data: 0.010) G_GAN: 1.118 G_L1: 3.348 D_real: 0.517 D_fake: 0.693 semi_sup: 0.021 
(epoch: 12, iters: 2520, time: 0.079, data: 0.011) G_GAN: 0.987 G_L1: 3.214 D_real: 0.487 D_fake: 0.794 semi_sup: 0.020 
(epoch: 12, iters: 3220, time: 0.079, data: 0.010) G_GAN: 0.762 G_L1: 2.883 D_real: 0.700 D_fake: 0.575 semi_sup: 0.019 
(epoch: 12, iters: 3920, time: 0.079, data: 0.010) G_GAN: 0.864 G_L1: 3.076 D_real: 0.527 D_fake: 0.608 semi_sup: 0.018 
End of epoch 12 / 100 	 Time Taken: 231 sec
learning rate 0.0002000 -> 0.0002000
(epoch: 13, iters: 140, time: 0.079, data: 0.009) G_GAN: 0.764 G_L1: 2.831 D_real: 0.663 D_fake: 0.634 semi_sup: 0.019 
(epoch: 13, iters: 840, time: 0.079, data: 0.015) G_GAN: 0.760 G_L1: 3.123 D_real: 0.727 D_fake: 0.645 semi_sup: 0.021 
(epoch: 13, iters: 1540, time: 0.079, data: 0.010) G_GAN: 0.732 G_L1: 3.071 D_real: 0.724 D_fake: 0.655 semi_sup: 0.021 
(epoch: 13, iters: 2240, time: 0.080, data: 0.009) G_GAN: 0.727 G_L1: 2.868 D_real: 0.667 D_fake: 0.689 semi_sup: 0.020 
saving the latest model (epoch 13, total_iters 56000)
(epoch: 13, iters: 2940, time: 0.079, data: 0.010) G_GAN: 0.687 G_L1: 3.133 D_real: 0.796 D_fake: 0.648 semi_sup: 0.022 
(epoch: 13, iters: 3640, time: 0.079, data: 0.012) G_GAN: 0.812 G_L1: 2.741 D_real: 0.692 D_fake: 0.719 semi_sup: 0.018 
(epoch: 13, iters: 4340, time: 0.079, data: 0.010) G_GAN: 0.763 G_L1: 3.085 D_real: 0.708 D_fake: 0.617 semi_sup: 0.020 
End of epoch 13 / 100 	 Time Taken: 232 sec
learning rate 0.0002000 -> 0.0002000
(epoch: 14, iters: 560, time: 0.080, data: 0.010) G_GAN: 0.903 G_L1: 3.095 D_real: 0.483 D_fake: 0.841 semi_sup: 0.021 
(epoch: 14, iters: 1260, time: 0.079, data: 0.010) G_GAN: 0.733 G_L1: 3.078 D_real: 0.711 D_fake: 0.636 semi_sup: 0.021 
(epoch: 14, iters: 1960, time: 0.079, data: 0.010) G_GAN: 0.736 G_L1: 2.936 D_real: 0.607 D_fake: 0.702 semi_sup: 0.019 
(epoch: 14, iters: 2660, time: 0.070, data: 0.010) G_GAN: 0.937 G_L1: 3.070 D_real: 0.521 D_fake: 0.767 semi_sup: 0.022 
(epoch: 14, iters: 3360, time: 0.079, data: 0.612) G_GAN: 0.927 G_L1: 3.058 D_real: 0.579 D_fake: 0.701 semi_sup: 0.020 
(epoch: 14, iters: 4060, time: 0.079, data: 0.012) G_GAN: 0.787 G_L1: 3.294 D_real: 0.661 D_fake: 0.742 semi_sup: 0.023 
End of epoch 14 / 100 	 Time Taken: 231 sec
learning rate 0.0002000 -> 0.0002000
(epoch: 15, iters: 280, time: 0.064, data: 0.010) G_GAN: 0.877 G_L1: 3.097 D_real: 0.691 D_fake: 0.689 semi_sup: 0.020 
(epoch: 15, iters: 980, time: 0.079, data: 0.009) G_GAN: 0.720 G_L1: 2.935 D_real: 0.666 D_fake: 0.872 semi_sup: 0.020 
(epoch: 15, iters: 1680, time: 0.080, data: 0.010) G_GAN: 0.835 G_L1: 3.197 D_real: 0.637 D_fake: 0.566 semi_sup: 0.020 
(epoch: 15, iters: 2380, time: 0.079, data: 0.013) G_GAN: 0.713 G_L1: 3.032 D_real: 0.710 D_fake: 0.694 semi_sup: 0.022 
(epoch: 15, iters: 3080, time: 0.079, data: 0.010) G_GAN: 0.722 G_L1: 2.959 D_real: 0.716 D_fake: 0.636 semi_sup: 0.020 
(epoch: 15, iters: 3780, time: 0.079, data: 0.010) G_GAN: 0.647 G_L1: 2.913 D_real: 0.773 D_fake: 0.650 semi_sup: 0.019 
(epoch: 15, iters: 4480, time: 0.065, data: 0.010) G_GAN: 0.606 G_L1: 2.847 D_real: 0.815 D_fake: 0.588 semi_sup: 0.019 
End of epoch 15 / 100 	 Time Taken: 232 sec
learning rate 0.0002000 -> 0.0002000
(epoch: 16, iters: 700, time: 0.079, data: 0.489) G_GAN: 0.695 G_L1: 2.928 D_real: 0.752 D_fake: 0.612 semi_sup: 0.021 
(epoch: 16, iters: 1400, time: 0.079, data: 0.010) G_GAN: 0.802 G_L1: 2.895 D_real: 0.529 D_fake: 0.750 semi_sup: 0.019 
(epoch: 16, iters: 2100, time: 0.079, data: 0.012) G_GAN: 0.660 G_L1: 2.921 D_real: 0.667 D_fake: 0.743 semi_sup: 0.020 
(epoch: 16, iters: 2800, time: 0.080, data: 0.018) G_GAN: 0.727 G_L1: 3.089 D_real: 0.637 D_fake: 0.685 semi_sup: 0.020 
saving the latest model (epoch 16, total_iters 70000)
(epoch: 16, iters: 3500, time: 0.079, data: 0.015) G_GAN: 0.699 G_L1: 2.940 D_real: 0.736 D_fake: 0.654 semi_sup: 0.020 
(epoch: 16, iters: 4200, time: 0.079, data: 0.010) G_GAN: 0.626 G_L1: 3.118 D_real: 0.804 D_fake: 0.566 semi_sup: 0.020 
End of epoch 16 / 100 	 Time Taken: 231 sec
learning rate 0.0002000 -> 0.0002000
(epoch: 17, iters: 420, time: 0.079, data: 0.009) G_GAN: 0.783 G_L1: 2.940 D_real: 0.580 D_fake: 0.697 semi_sup: 0.019 
(epoch: 17, iters: 1120, time: 0.080, data: 0.009) G_GAN: 0.653 G_L1: 2.920 D_real: 0.710 D_fake: 0.603 semi_sup: 0.019 
(epoch: 17, iters: 1820, time: 0.079, data: 0.012) G_GAN: 0.618 G_L1: 2.979 D_real: 0.830 D_fake: 0.614 semi_sup: 0.021 
(epoch: 17, iters: 2520, time: 0.079, data: 0.009) G_GAN: 0.760 G_L1: 3.014 D_real: 0.630 D_fake: 0.725 semi_sup: 0.020 
(epoch: 17, iters: 3220, time: 0.079, data: 0.010) G_GAN: 0.566 G_L1: 2.905 D_real: 0.969 D_fake: 0.598 semi_sup: 0.024 
(epoch: 17, iters: 3920, time: 0.079, data: 0.010) G_GAN: 0.760 G_L1: 3.102 D_real: 0.745 D_fake: 0.621 semi_sup: 0.020 
End of epoch 17 / 100 	 Time Taken: 231 sec
learning rate 0.0002000 -> 0.0002000
(epoch: 18, iters: 140, time: 0.079, data: 0.010) G_GAN: 0.913 G_L1: 3.018 D_real: 0.540 D_fake: 0.795 semi_sup: 0.021 
(epoch: 18, iters: 840, time: 0.079, data: 0.010) G_GAN: 0.799 G_L1: 3.097 D_real: 0.643 D_fake: 0.744 semi_sup: 0.021 
(epoch: 18, iters: 1540, time: 0.079, data: 0.010) G_GAN: 0.782 G_L1: 3.154 D_real: 0.617 D_fake: 0.638 semi_sup: 0.022 
(epoch: 18, iters: 2240, time: 0.080, data: 0.012) G_GAN: 0.831 G_L1: 2.997 D_real: 0.601 D_fake: 0.760 semi_sup: 0.021 
(epoch: 18, iters: 2940, time: 0.079, data: 0.010) G_GAN: 0.723 G_L1: 3.078 D_real: 0.689 D_fake: 0.666 semi_sup: 0.021 
(epoch: 18, iters: 3640, time: 0.079, data: 0.012) G_GAN: 0.765 G_L1: 3.103 D_real: 0.637 D_fake: 0.815 semi_sup: 0.023 
(epoch: 18, iters: 4340, time: 0.079, data: 0.012) G_GAN: 0.835 G_L1: 2.928 D_real: 0.548 D_fake: 0.758 semi_sup: 0.019 
End of epoch 18 / 100 	 Time Taken: 231 sec
learning rate 0.0002000 -> 0.0002000
(epoch: 19, iters: 560, time: 0.070, data: 0.009) G_GAN: 0.727 G_L1: 2.880 D_real: 0.497 D_fake: 0.829 semi_sup: 0.019 
(epoch: 19, iters: 1260, time: 0.079, data: 0.613) G_GAN: 0.818 G_L1: 3.028 D_real: 0.648 D_fake: 0.544 semi_sup: 0.019 
(epoch: 19, iters: 1960, time: 0.079, data: 0.010) G_GAN: 0.790 G_L1: 3.033 D_real: 0.500 D_fake: 0.758 semi_sup: 0.018 
(epoch: 19, iters: 2660, time: 0.064, data: 0.012) G_GAN: 1.046 G_L1: 2.968 D_real: 0.411 D_fake: 0.722 semi_sup: 0.019 
(epoch: 19, iters: 3360, time: 0.080, data: 0.007) G_GAN: 0.906 G_L1: 3.090 D_real: 0.568 D_fake: 0.650 semi_sup: 0.022 
saving the latest model (epoch 19, total_iters 84000)
(epoch: 19, iters: 4060, time: 0.079, data: 0.010) G_GAN: 0.721 G_L1: 2.928 D_real: 0.677 D_fake: 0.700 semi_sup: 0.021 
End of epoch 19 / 100 	 Time Taken: 233 sec
learning rate 0.0002000 -> 0.0002000
(epoch: 20, iters: 280, time: 0.079, data: 0.010) G_GAN: 0.842 G_L1: 2.844 D_real: 0.615 D_fake: 0.737 semi_sup: 0.020 
(epoch: 20, iters: 980, time: 0.079, data: 0.012) G_GAN: 0.867 G_L1: 3.147 D_real: 0.534 D_fake: 0.701 semi_sup: 0.019 
(epoch: 20, iters: 1680, time: 0.080, data: 0.010) G_GAN: 0.859 G_L1: 3.196 D_real: 0.673 D_fake: 0.600 semi_sup: 0.022 
(epoch: 20, iters: 2380, time: 0.079, data: 0.015) G_GAN: 0.581 G_L1: 2.859 D_real: 0.900 D_fake: 0.606 semi_sup: 0.020 
(epoch: 20, iters: 3080, time: 0.079, data: 0.010) G_GAN: 0.705 G_L1: 2.852 D_real: 0.691 D_fake: 0.674 semi_sup: 0.018 
(epoch: 20, iters: 3780, time: 0.079, data: 0.010) G_GAN: 0.862 G_L1: 2.976 D_real: 0.540 D_fake: 0.783 semi_sup: 0.021 
(epoch: 20, iters: 4480, time: 0.065, data: 0.010) G_GAN: 0.909 G_L1: 2.990 D_real: 0.601 D_fake: 0.639 semi_sup: 0.021 
saving the model at the end of epoch 20, iters 89600
End of epoch 20 / 100 	 Time Taken: 234 sec
learning rate 0.0002000 -> 0.0002000
(epoch: 21, iters: 700, time: 0.079, data: 0.523) G_GAN: 0.724 G_L1: 2.835 D_real: 0.684 D_fake: 0.568 semi_sup: 0.019 
(epoch: 21, iters: 1400, time: 0.079, data: 0.010) G_GAN: 0.840 G_L1: 2.941 D_real: 0.593 D_fake: 0.694 semi_sup: 0.019 
(epoch: 21, iters: 2100, time: 0.079, data: 0.012) G_GAN: 0.732 G_L1: 3.043 D_real: 0.702 D_fake: 0.649 semi_sup: 0.020 
(epoch: 21, iters: 2800, time: 0.080, data: 0.009) G_GAN: 0.818 G_L1: 3.108 D_real: 0.576 D_fake: 0.762 semi_sup: 0.021 
(epoch: 21, iters: 3500, time: 0.079, data: 0.009) G_GAN: 0.784 G_L1: 2.934 D_real: 0.702 D_fake: 0.595 semi_sup: 0.019 
(epoch: 21, iters: 4200, time: 0.079, data: 0.010) G_GAN: 0.989 G_L1: 3.175 D_real: 0.460 D_fake: 0.799 semi_sup: 0.020 
End of epoch 21 / 100 	 Time Taken: 230 sec
learning rate 0.0002000 -> 0.0002000
(epoch: 22, iters: 420, time: 0.079, data: 0.010) G_GAN: 0.694 G_L1: 2.992 D_real: 0.625 D_fake: 0.724 semi_sup: 0.020 
(epoch: 22, iters: 1120, time: 0.080, data: 0.013) G_GAN: 0.710 G_L1: 3.209 D_real: 0.711 D_fake: 0.539 semi_sup: 0.020 
(epoch: 22, iters: 1820, time: 0.079, data: 0.009) G_GAN: 0.686 G_L1: 2.988 D_real: 0.741 D_fake: 0.575 semi_sup: 0.019 
(epoch: 22, iters: 2520, time: 0.079, data: 0.013) G_GAN: 0.752 G_L1: 3.179 D_real: 0.678 D_fake: 0.727 semi_sup: 0.022 
(epoch: 22, iters: 3220, time: 0.079, data: 0.012) G_GAN: 0.843 G_L1: 2.952 D_real: 0.572 D_fake: 0.714 semi_sup: 0.020 
(epoch: 22, iters: 3920, time: 0.080, data: 0.010) G_GAN: 0.734 G_L1: 2.939 D_real: 0.640 D_fake: 0.551 semi_sup: 0.017 
saving the latest model (epoch 22, total_iters 98000)
End of epoch 22 / 100 	 Time Taken: 232 sec
learning rate 0.0002000 -> 0.0002000
(epoch: 23, iters: 140, time: 0.079, data: 0.009) G_GAN: 0.745 G_L1: 2.862 D_real: 0.819 D_fake: 0.636 semi_sup: 0.018 
(epoch: 23, iters: 840, time: 0.079, data: 0.012) G_GAN: 1.510 G_L1: 2.667 D_real: 1.711 D_fake: 0.977 semi_sup: 0.015 
(epoch: 23, iters: 1540, time: 0.079, data: 0.010) G_GAN: 0.830 G_L1: 2.822 D_real: 0.609 D_fake: 0.693 semi_sup: 0.019 
(epoch: 23, iters: 2240, time: 0.080, data: 0.013) G_GAN: 0.833 G_L1: 2.838 D_real: 0.591 D_fake: 0.651 semi_sup: 0.018 
(epoch: 23, iters: 2940, time: 0.069, data: 0.010) G_GAN: 0.720 G_L1: 2.886 D_real: 0.664 D_fake: 0.657 semi_sup: 0.019 
(epoch: 23, iters: 3640, time: 0.079, data: 0.608) G_GAN: 0.625 G_L1: 3.048 D_real: 0.791 D_fake: 0.612 semi_sup: 0.022 
(epoch: 23, iters: 4340, time: 0.079, data: 0.010) G_GAN: 0.720 G_L1: 3.025 D_real: 0.729 D_fake: 0.565 semi_sup: 0.019 
End of epoch 23 / 100 	 Time Taken: 231 sec
learning rate 0.0002000 -> 0.0002000
(epoch: 24, iters: 560, time: 0.066, data: 0.010) G_GAN: 0.820 G_L1: 2.968 D_real: 0.582 D_fake: 0.738 semi_sup: 0.019 
(epoch: 24, iters: 1260, time: 0.079, data: 0.008) G_GAN: 0.746 G_L1: 2.759 D_real: 0.647 D_fake: 0.570 semi_sup: 0.018 
(epoch: 24, iters: 1960, time: 0.079, data: 0.010) G_GAN: 0.881 G_L1: 3.048 D_real: 0.571 D_fake: 0.698 semi_sup: 0.019 
(epoch: 24, iters: 2660, time: 0.079, data: 0.010) G_GAN: 0.739 G_L1: 3.174 D_real: 0.662 D_fake: 0.621 semi_sup: 0.019 
(epoch: 24, iters: 3360, time: 0.079, data: 0.011) G_GAN: 0.632 G_L1: 2.975 D_real: 0.909 D_fake: 0.553 semi_sup: 0.021 
(epoch: 24, iters: 4060, time: 0.079, data: 0.013) G_GAN: 0.695 G_L1: 2.992 D_real: 0.702 D_fake: 0.689 semi_sup: 0.020 
End of epoch 24 / 100 	 Time Taken: 231 sec
learning rate 0.0002000 -> 0.0002000
(epoch: 25, iters: 280, time: 0.079, data: 0.010) G_GAN: 0.674 G_L1: 2.947 D_real: 0.657 D_fake: 0.731 semi_sup: 0.020 
(epoch: 25, iters: 980, time: 0.079, data: 0.010) G_GAN: 0.732 G_L1: 2.928 D_real: 0.712 D_fake: 0.632 semi_sup: 0.019 
(epoch: 25, iters: 1680, time: 0.080, data: 0.010) G_GAN: 0.672 G_L1: 2.961 D_real: 0.668 D_fake: 0.743 semi_sup: 0.020 
(epoch: 25, iters: 2380, time: 0.079, data: 0.010) G_GAN: 0.800 G_L1: 2.970 D_real: 0.570 D_fake: 0.795 semi_sup: 0.021 
(epoch: 25, iters: 3080, time: 0.079, data: 0.013) G_GAN: 0.683 G_L1: 2.834 D_real: 0.713 D_fake: 0.702 semi_sup: 0.019 
(epoch: 25, iters: 3780, time: 0.079, data: 0.010) G_GAN: 0.687 G_L1: 3.003 D_real: 0.705 D_fake: 0.571 semi_sup: 0.020 
(epoch: 25, iters: 4480, time: 0.066, data: 0.010) G_GAN: 0.900 G_L1: 3.116 D_real: 0.528 D_fake: 0.785 semi_sup: 0.020 
saving the latest model (epoch 25, total_iters 112000)
End of epoch 25 / 100 	 Time Taken: 233 sec
learning rate 0.0002000 -> 0.0002000
(epoch: 26, iters: 700, time: 0.079, data: 0.493) G_GAN: 0.837 G_L1: 2.997 D_real: 0.547 D_fake: 0.704 semi_sup: 0.019 
(epoch: 26, iters: 1400, time: 0.079, data: 0.010) G_GAN: 0.686 G_L1: 2.869 D_real: 0.621 D_fake: 0.673 semi_sup: 0.021 
(epoch: 26, iters: 2100, time: 0.079, data: 0.010) G_GAN: 0.666 G_L1: 2.865 D_real: 0.731 D_fake: 0.698 semi_sup: 0.021 
(epoch: 26, iters: 2800, time: 0.080, data: 0.011) G_GAN: 0.738 G_L1: 3.070 D_real: 0.708 D_fake: 0.633 semi_sup: 0.020 
(epoch: 26, iters: 3500, time: 0.079, data: 0.015) G_GAN: 0.597 G_L1: 2.930 D_real: 0.932 D_fake: 0.514 semi_sup: 0.021 
(epoch: 26, iters: 4200, time: 0.079, data: 0.010) G_GAN: 0.747 G_L1: 2.920 D_real: 0.723 D_fake: 0.563 semi_sup: 0.019 
End of epoch 26 / 100 	 Time Taken: 230 sec
learning rate 0.0002000 -> 0.0002000
(epoch: 27, iters: 420, time: 0.079, data: 0.012) G_GAN: 0.703 G_L1: 2.971 D_real: 0.814 D_fake: 0.568 semi_sup: 0.019 
(epoch: 27, iters: 1120, time: 0.080, data: 0.009) G_GAN: 0.701 G_L1: 3.178 D_real: 0.748 D_fake: 0.703 semi_sup: 0.022 
(epoch: 27, iters: 1820, time: 0.079, data: 0.013) G_GAN: 0.685 G_L1: 3.001 D_real: 0.851 D_fake: 0.600 semi_sup: 0.019 
(epoch: 27, iters: 2520, time: 0.079, data: 0.010) G_GAN: 0.698 G_L1: 2.954 D_real: 0.737 D_fake: 0.717 semi_sup: 0.020 
(epoch: 27, iters: 3220, time: 0.079, data: 0.010) G_GAN: 0.735 G_L1: 2.995 D_real: 0.655 D_fake: 0.721 semi_sup: 0.020 
(epoch: 27, iters: 3920, time: 0.079, data: 0.010) G_GAN: 0.809 G_L1: 2.938 D_real: 0.587 D_fake: 0.681 semi_sup: 0.018 
End of epoch 27 / 100 	 Time Taken: 231 sec
learning rate 0.0002000 -> 0.0002000
(epoch: 28, iters: 140, time: 0.079, data: 0.010) G_GAN: 0.610 G_L1: 2.847 D_real: 0.759 D_fake: 0.634 semi_sup: 0.018 
(epoch: 28, iters: 840, time: 0.069, data: 0.012) G_GAN: 0.900 G_L1: 3.012 D_real: 0.506 D_fake: 0.617 semi_sup: 0.020 
(epoch: 28, iters: 1540, time: 0.079, data: 0.588) G_GAN: 0.766 G_L1: 2.826 D_real: 0.663 D_fake: 0.669 semi_sup: 0.020 
(epoch: 28, iters: 2240, time: 0.081, data: 0.010) G_GAN: 0.804 G_L1: 3.416 D_real: 0.688 D_fake: 0.644 semi_sup: 0.021 
(epoch: 28, iters: 2940, time: 0.065, data: 0.013) G_GAN: 0.785 G_L1: 3.012 D_real: 0.695 D_fake: 0.595 semi_sup: 0.020 
(epoch: 28, iters: 3640, time: 0.079, data: 0.008) G_GAN: 0.644 G_L1: 2.887 D_real: 0.749 D_fake: 0.745 semi_sup: 0.022 
(epoch: 28, iters: 4340, time: 0.079, data: 0.010) G_GAN: 0.897 G_L1: 3.074 D_real: 0.423 D_fake: 0.857 semi_sup: 0.018 
End of epoch 28 / 100 	 Time Taken: 231 sec
learning rate 0.0002000 -> 0.0002000
(epoch: 29, iters: 560, time: 0.080, data: 0.010) G_GAN: 0.823 G_L1: 2.944 D_real: 0.645 D_fake: 0.624 semi_sup: 0.020 
saving the latest model (epoch 29, total_iters 126000)
(epoch: 29, iters: 1260, time: 0.079, data: 0.010) G_GAN: 0.714 G_L1: 2.992 D_real: 0.737 D_fake: 0.591 semi_sup: 0.021 
(epoch: 29, iters: 1960, time: 0.079, data: 0.010) G_GAN: 0.692 G_L1: 2.898 D_real: 0.720 D_fake: 0.582 semi_sup: 0.019 
(epoch: 29, iters: 2660, time: 0.079, data: 0.010) G_GAN: 1.944 G_L1: 2.778 D_real: 0.832 D_fake: 1.025 semi_sup: 0.022 
(epoch: 29, iters: 3360, time: 0.079, data: 0.013) G_GAN: 0.697 G_L1: 2.948 D_real: 0.700 D_fake: 0.614 semi_sup: 0.018 
(epoch: 29, iters: 4060, time: 0.079, data: 0.010) G_GAN: 0.769 G_L1: 3.124 D_real: 0.675 D_fake: 0.686 semi_sup: 0.020 
End of epoch 29 / 100 	 Time Taken: 232 sec
learning rate 0.0002000 -> 0.0002000
(epoch: 30, iters: 280, time: 0.079, data: 0.010) G_GAN: 0.727 G_L1: 2.951 D_real: 0.777 D_fake: 0.577 semi_sup: 0.021 
(epoch: 30, iters: 980, time: 0.079, data: 0.012) G_GAN: 0.813 G_L1: 3.010 D_real: 0.599 D_fake: 0.736 semi_sup: 0.019 
(epoch: 30, iters: 1680, time: 0.080, data: 0.010) G_GAN: 0.700 G_L1: 2.952 D_real: 0.691 D_fake: 0.621 semi_sup: 0.019 
(epoch: 30, iters: 2380, time: 0.079, data: 0.010) G_GAN: 0.811 G_L1: 3.035 D_real: 0.519 D_fake: 0.704 semi_sup: 0.018 
(epoch: 30, iters: 3080, time: 0.079, data: 0.014) G_GAN: 0.659 G_L1: 2.934 D_real: 0.746 D_fake: 0.713 semi_sup: 0.022 
(epoch: 30, iters: 3780, time: 0.079, data: 0.010) G_GAN: 0.679 G_L1: 2.877 D_real: 0.784 D_fake: 0.608 semi_sup: 0.019 
(epoch: 30, iters: 4480, time: 0.064, data: 0.010) G_GAN: 0.951 G_L1: 3.200 D_real: 0.463 D_fake: 0.707 semi_sup: 0.019 
End of epoch 30 / 100 	 Time Taken: 232 sec
learning rate 0.0002000 -> 0.0002000
(epoch: 31, iters: 700, time: 0.079, data: 0.484) G_GAN: 0.767 G_L1: 2.989 D_real: 0.676 D_fake: 0.684 semi_sup: 0.020 
(epoch: 31, iters: 1400, time: 0.079, data: 0.015) G_GAN: 0.831 G_L1: 2.967 D_real: 0.627 D_fake: 0.615 semi_sup: 0.019 
(epoch: 31, iters: 2100, time: 0.079, data: 0.012) G_GAN: 0.824 G_L1: 2.953 D_real: 0.636 D_fake: 0.571 semi_sup: 0.020 
(epoch: 31, iters: 2800, time: 0.080, data: 0.009) G_GAN: 0.950 G_L1: 3.156 D_real: 0.527 D_fake: 0.763 semi_sup: 0.020 
(epoch: 31, iters: 3500, time: 0.079, data: 0.010) G_GAN: 0.787 G_L1: 3.049 D_real: 0.619 D_fake: 0.664 semi_sup: 0.019 
(epoch: 31, iters: 4200, time: 0.079, data: 0.012) G_GAN: 0.742 G_L1: 2.848 D_real: 0.664 D_fake: 0.637 semi_sup: 0.018 
End of epoch 31 / 100 	 Time Taken: 230 sec
learning rate 0.0002000 -> 0.0002000
(epoch: 32, iters: 420, time: 0.079, data: 0.010) G_GAN: 0.695 G_L1: 2.904 D_real: 0.686 D_fake: 0.618 semi_sup: 0.019 
(epoch: 32, iters: 1120, time: 0.080, data: 0.015) G_GAN: 0.968 G_L1: 3.076 D_real: 0.477 D_fake: 0.685 semi_sup: 0.018 
saving the latest model (epoch 32, total_iters 140000)
(epoch: 32, iters: 1820, time: 0.079, data: 0.010) G_GAN: 0.855 G_L1: 3.334 D_real: 0.661 D_fake: 0.530 semi_sup: 0.021 
(epoch: 32, iters: 2520, time: 0.079, data: 0.010) G_GAN: 0.801 G_L1: 3.179 D_real: 0.743 D_fake: 0.555 semi_sup: 0.020 
(epoch: 32, iters: 3220, time: 0.069, data: 0.010) G_GAN: 0.751 G_L1: 2.936 D_real: 0.538 D_fake: 0.746 semi_sup: 0.018 
(epoch: 32, iters: 3920, time: 0.079, data: 0.593) G_GAN: 0.764 G_L1: 3.071 D_real: 0.682 D_fake: 0.655 semi_sup: 0.021 
End of epoch 32 / 100 	 Time Taken: 233 sec
learning rate 0.0002000 -> 0.0002000
(epoch: 33, iters: 140, time: 0.079, data: 0.009) G_GAN: 0.702 G_L1: 3.029 D_real: 0.577 D_fake: 0.692 semi_sup: 0.019 
(epoch: 33, iters: 840, time: 0.064, data: 0.010) G_GAN: 0.748 G_L1: 2.892 D_real: 0.660 D_fake: 0.687 semi_sup: 0.019 
(epoch: 33, iters: 1540, time: 0.079, data: 0.007) G_GAN: 0.682 G_L1: 2.943 D_real: 0.827 D_fake: 0.556 semi_sup: 0.018 
(epoch: 33, iters: 2240, time: 0.080, data: 0.015) G_GAN: 0.894 G_L1: 3.039 D_real: 0.510 D_fake: 0.662 semi_sup: 0.018 
(epoch: 33, iters: 2940, time: 0.079, data: 0.010) G_GAN: 0.680 G_L1: 3.097 D_real: 0.825 D_fake: 0.524 semi_sup: 0.023 
(epoch: 33, iters: 3640, time: 0.079, data: 0.010) G_GAN: 0.715 G_L1: 2.969 D_real: 0.625 D_fake: 0.708 semi_sup: 0.020 
(epoch: 33, iters: 4340, time: 0.079, data: 0.012) G_GAN: 0.689 G_L1: 2.872 D_real: 0.714 D_fake: 0.647 semi_sup: 0.019 
End of epoch 33 / 100 	 Time Taken: 231 sec
learning rate 0.0002000 -> 0.0002000
(epoch: 34, iters: 560, time: 0.080, data: 0.009) G_GAN: 0.756 G_L1: 2.908 D_real: 0.648 D_fake: 0.658 semi_sup: 0.019 
(epoch: 34, iters: 1260, time: 0.079, data: 0.008) G_GAN: 1.065 G_L1: 3.046 D_real: 0.481 D_fake: 0.709 semi_sup: 0.019 
(epoch: 34, iters: 1960, time: 0.079, data: 0.010) G_GAN: 0.780 G_L1: 3.108 D_real: 0.741 D_fake: 0.632 semi_sup: 0.020 
(epoch: 34, iters: 2660, time: 0.079, data: 0.010) G_GAN: 1.010 G_L1: 2.928 D_real: 1.578 D_fake: 1.560 semi_sup: 0.018 
(epoch: 34, iters: 3360, time: 0.079, data: 0.012) G_GAN: 0.732 G_L1: 2.905 D_real: 0.713 D_fake: 0.573 semi_sup: 0.019 
(epoch: 34, iters: 4060, time: 0.079, data: 0.013) G_GAN: 0.725 G_L1: 2.804 D_real: 0.705 D_fake: 0.547 semi_sup: 0.017 
End of epoch 34 / 100 	 Time Taken: 230 sec
learning rate 0.0002000 -> 0.0002000
(epoch: 35, iters: 280, time: 0.079, data: 0.010) G_GAN: 0.851 G_L1: 2.913 D_real: 0.510 D_fake: 0.690 semi_sup: 0.017 
(epoch: 35, iters: 980, time: 0.079, data: 0.010) G_GAN: 0.736 G_L1: 2.718 D_real: 0.636 D_fake: 0.646 semi_sup: 0.017 
(epoch: 35, iters: 1680, time: 0.080, data: 0.012) G_GAN: 0.801 G_L1: 2.851 D_real: 0.623 D_fake: 0.629 semi_sup: 0.018 
saving the latest model (epoch 35, total_iters 154000)
(epoch: 35, iters: 2380, time: 0.079, data: 0.009) G_GAN: 0.835 G_L1: 2.863 D_real: 0.539 D_fake: 0.679 semi_sup: 0.018 
(epoch: 35, iters: 3080, time: 0.079, data: 0.012) G_GAN: 0.779 G_L1: 2.913 D_real: 0.639 D_fake: 0.706 semi_sup: 0.018 
(epoch: 35, iters: 3780, time: 0.079, data: 0.010) G_GAN: 0.639 G_L1: 2.958 D_real: 0.668 D_fake: 0.682 semi_sup: 0.019 
(epoch: 35, iters: 4480, time: 0.065, data: 0.010) G_GAN: 0.914 G_L1: 3.061 D_real: 0.437 D_fake: 0.820 semi_sup: 0.019 
End of epoch 35 / 100 	 Time Taken: 234 sec
learning rate 0.0002000 -> 0.0002000
(epoch: 36, iters: 700, time: 0.079, data: 0.505) G_GAN: 0.706 G_L1: 2.811 D_real: 0.601 D_fake: 0.767 semi_sup: 0.019 
(epoch: 36, iters: 1400, time: 0.079, data: 0.010) G_GAN: 0.862 G_L1: 3.024 D_real: 0.634 D_fake: 0.611 semi_sup: 0.018 
(epoch: 36, iters: 2100, time: 0.079, data: 0.010) G_GAN: 0.713 G_L1: 2.940 D_real: 0.644 D_fake: 0.722 semi_sup: 0.019 
(epoch: 36, iters: 2800, time: 0.080, data: 0.012) G_GAN: 0.807 G_L1: 2.940 D_real: 0.533 D_fake: 0.668 semi_sup: 0.017 
(epoch: 36, iters: 3500, time: 0.079, data: 0.012) G_GAN: 0.824 G_L1: 3.164 D_real: 0.611 D_fake: 0.631 semi_sup: 0.020 
(epoch: 36, iters: 4200, time: 0.079, data: 0.010) G_GAN: 0.787 G_L1: 2.935 D_real: 0.626 D_fake: 0.631 semi_sup: 0.017 
End of epoch 36 / 100 	 Time Taken: 230 sec
learning rate 0.0002000 -> 0.0002000
(epoch: 37, iters: 420, time: 0.079, data: 0.010) G_GAN: 0.755 G_L1: 2.970 D_real: 0.747 D_fake: 0.560 semi_sup: 0.019 
(epoch: 37, iters: 1120, time: 0.071, data: 0.014) G_GAN: 0.637 G_L1: 2.928 D_real: 0.728 D_fake: 0.690 semi_sup: 0.019 
(epoch: 37, iters: 1820, time: 0.079, data: 0.625) G_GAN: 0.771 G_L1: 3.009 D_real: 0.642 D_fake: 0.627 semi_sup: 0.018 
(epoch: 37, iters: 2520, time: 0.079, data: 0.010) G_GAN: 0.629 G_L1: 2.772 D_real: 0.767 D_fake: 0.611 semi_sup: 0.019 
(epoch: 37, iters: 3220, time: 0.064, data: 0.012) G_GAN: 0.648 G_L1: 3.029 D_real: 0.692 D_fake: 0.682 semi_sup: 0.021 
(epoch: 37, iters: 3920, time: 0.079, data: 0.009) G_GAN: 0.732 G_L1: 3.103 D_real: 0.654 D_fake: 0.597 semi_sup: 0.021 
End of epoch 37 / 100 	 Time Taken: 231 sec
learning rate 0.0002000 -> 0.0002000
(epoch: 38, iters: 140, time: 0.079, data: 0.010) G_GAN: 0.719 G_L1: 2.887 D_real: 0.751 D_fake: 0.559 semi_sup: 0.017 
(epoch: 38, iters: 840, time: 0.079, data: 0.009) G_GAN: 0.786 G_L1: 2.970 D_real: 0.599 D_fake: 0.650 semi_sup: 0.019 
(epoch: 38, iters: 1540, time: 0.079, data: 0.011) G_GAN: 0.721 G_L1: 2.762 D_real: 0.636 D_fake: 0.690 semi_sup: 0.018 
(epoch: 38, iters: 2240, time: 0.080, data: 0.010) G_GAN: 0.874 G_L1: 2.969 D_real: 0.526 D_fake: 0.607 semi_sup: 0.020 
saving the latest model (epoch 38, total_iters 168000)
(epoch: 38, iters: 2940, time: 0.079, data: 0.010) G_GAN: 0.655 G_L1: 2.712 D_real: 0.811 D_fake: 0.566 semi_sup: 0.020 
(epoch: 38, iters: 3640, time: 0.079, data: 0.011) G_GAN: 0.781 G_L1: 3.089 D_real: 0.579 D_fake: 0.774 semi_sup: 0.021 
(epoch: 38, iters: 4340, time: 0.079, data: 0.010) G_GAN: 0.809 G_L1: 2.863 D_real: 0.500 D_fake: 0.798 semi_sup: 0.018 
End of epoch 38 / 100 	 Time Taken: 232 sec
learning rate 0.0002000 -> 0.0002000
(epoch: 39, iters: 560, time: 0.080, data: 0.010) G_GAN: 0.699 G_L1: 2.937 D_real: 0.771 D_fake: 0.617 semi_sup: 0.019 
(epoch: 39, iters: 1260, time: 0.079, data: 0.011) G_GAN: 0.813 G_L1: 2.825 D_real: 0.638 D_fake: 0.666 semi_sup: 0.020 
(epoch: 39, iters: 1960, time: 0.079, data: 0.010) G_GAN: 0.887 G_L1: 3.061 D_real: 0.455 D_fake: 0.835 semi_sup: 0.020 
(epoch: 39, iters: 2660, time: 0.079, data: 0.010) G_GAN: 0.699 G_L1: 2.965 D_real: 0.761 D_fake: 0.614 semi_sup: 0.020 
(epoch: 39, iters: 3360, time: 0.079, data: 0.011) G_GAN: 0.765 G_L1: 2.777 D_real: 0.622 D_fake: 0.717 semi_sup: 0.019 
(epoch: 39, iters: 4060, time: 0.079, data: 0.010) G_GAN: 0.664 G_L1: 2.971 D_real: 0.751 D_fake: 0.623 semi_sup: 0.020 
End of epoch 39 / 100 	 Time Taken: 230 sec
learning rate 0.0002000 -> 0.0002000
(epoch: 40, iters: 280, time: 0.079, data: 0.010) G_GAN: 0.704 G_L1: 2.910 D_real: 0.827 D_fake: 0.541 semi_sup: 0.021 
(epoch: 40, iters: 980, time: 0.079, data: 0.010) G_GAN: 0.820 G_L1: 2.871 D_real: 0.621 D_fake: 0.716 semi_sup: 0.019 
(epoch: 40, iters: 1680, time: 0.080, data: 0.010) G_GAN: 0.723 G_L1: 2.926 D_real: 0.679 D_fake: 0.646 semi_sup: 0.019 
(epoch: 40, iters: 2380, time: 0.079, data: 0.010) G_GAN: 0.839 G_L1: 2.932 D_real: 0.685 D_fake: 0.678 semi_sup: 0.019 
(epoch: 40, iters: 3080, time: 0.079, data: 0.014) G_GAN: 0.690 G_L1: 3.026 D_real: 0.723 D_fake: 0.666 semi_sup: 0.022 
(epoch: 40, iters: 3780, time: 0.079, data: 0.010) G_GAN: 0.915 G_L1: 3.091 D_real: 0.503 D_fake: 0.762 semi_sup: 0.018 
(epoch: 40, iters: 4480, time: 0.065, data: 0.010) G_GAN: 0.887 G_L1: 3.250 D_real: 0.563 D_fake: 0.658 semi_sup: 0.018 
saving the model at the end of epoch 40, iters 179200
End of epoch 40 / 100 	 Time Taken: 235 sec
learning rate 0.0002000 -> 0.0002000
(epoch: 41, iters: 700, time: 0.079, data: 0.511) G_GAN: 0.786 G_L1: 2.915 D_real: 0.691 D_fake: 0.670 semi_sup: 0.019 
(epoch: 41, iters: 1400, time: 0.079, data: 0.015) G_GAN: 0.756 G_L1: 2.859 D_real: 0.664 D_fake: 0.684 semi_sup: 0.019 
(epoch: 41, iters: 2100, time: 0.079, data: 0.010) G_GAN: 0.911 G_L1: 2.963 D_real: 0.462 D_fake: 0.768 semi_sup: 0.018 
(epoch: 41, iters: 2800, time: 0.080, data: 0.012) G_GAN: 0.776 G_L1: 3.111 D_real: 0.703 D_fake: 0.568 semi_sup: 0.020 
saving the latest model (epoch 41, total_iters 182000)
(epoch: 41, iters: 3500, time: 0.069, data: 0.015) G_GAN: 1.145 G_L1: 2.794 D_real: 1.566 D_fake: 1.112 semi_sup: 0.017 
(epoch: 41, iters: 4200, time: 0.079, data: 0.597) G_GAN: 0.756 G_L1: 2.851 D_real: 0.655 D_fake: 0.718 semi_sup: 0.019 
End of epoch 41 / 100 	 Time Taken: 232 sec
learning rate 0.0002000 -> 0.0002000
(epoch: 42, iters: 420, time: 0.079, data: 0.010) G_GAN: 0.632 G_L1: 2.742 D_real: 0.785 D_fake: 0.626 semi_sup: 0.018 
(epoch: 42, iters: 1120, time: 0.066, data: 0.009) G_GAN: 0.858 G_L1: 2.979 D_real: 0.600 D_fake: 0.687 semi_sup: 0.018 
(epoch: 42, iters: 1820, time: 0.079, data: 0.009) G_GAN: 0.715 G_L1: 2.922 D_real: 0.711 D_fake: 0.640 semi_sup: 0.017 
(epoch: 42, iters: 2520, time: 0.079, data: 0.010) G_GAN: 0.705 G_L1: 2.942 D_real: 0.725 D_fake: 0.620 semi_sup: 0.019 
(epoch: 42, iters: 3220, time: 0.079, data: 0.010) G_GAN: 0.634 G_L1: 2.883 D_real: 0.681 D_fake: 0.692 semi_sup: 0.018 
(epoch: 42, iters: 3920, time: 0.079, data: 0.011) G_GAN: 0.881 G_L1: 3.111 D_real: 0.550 D_fake: 0.675 semi_sup: 0.019 
End of epoch 42 / 100 	 Time Taken: 231 sec
learning rate 0.0002000 -> 0.0002000
(epoch: 43, iters: 140, time: 0.079, data: 0.010) G_GAN: 0.765 G_L1: 2.849 D_real: 0.642 D_fake: 0.626 semi_sup: 0.019 
(epoch: 43, iters: 840, time: 0.079, data: 0.013) G_GAN: 0.845 G_L1: 2.908 D_real: 0.581 D_fake: 0.736 semi_sup: 0.019 
(epoch: 43, iters: 1540, time: 0.079, data: 0.010) G_GAN: 0.782 G_L1: 2.997 D_real: 0.682 D_fake: 0.634 semi_sup: 0.018 
(epoch: 43, iters: 2240, time: 0.080, data: 0.013) G_GAN: 0.706 G_L1: 2.967 D_real: 0.786 D_fake: 0.547 semi_sup: 0.019 
(epoch: 43, iters: 2940, time: 0.079, data: 0.010) G_GAN: 0.589 G_L1: 2.882 D_real: 0.947 D_fake: 0.547 semi_sup: 0.020 
(epoch: 43, iters: 3640, time: 0.079, data: 0.012) G_GAN: 0.858 G_L1: 2.968 D_real: 0.575 D_fake: 0.781 semi_sup: 0.019 
(epoch: 43, iters: 4340, time: 0.079, data: 0.010) G_GAN: 0.865 G_L1: 3.086 D_real: 0.579 D_fake: 0.833 semi_sup: 0.021 
End of epoch 43 / 100 	 Time Taken: 231 sec
learning rate 0.0002000 -> 0.0002000
(epoch: 44, iters: 560, time: 0.080, data: 0.010) G_GAN: 0.716 G_L1: 2.905 D_real: 0.634 D_fake: 0.684 semi_sup: 0.019 
(epoch: 44, iters: 1260, time: 0.079, data: 0.010) G_GAN: 0.733 G_L1: 2.787 D_real: 0.671 D_fake: 0.682 semi_sup: 0.018 
(epoch: 44, iters: 1960, time: 0.079, data: 0.010) G_GAN: 0.787 G_L1: 2.819 D_real: 0.611 D_fake: 0.670 semi_sup: 0.019 
(epoch: 44, iters: 2660, time: 0.079, data: 0.010) G_GAN: 0.789 G_L1: 2.915 D_real: 0.631 D_fake: 0.578 semi_sup: 0.016 
(epoch: 44, iters: 3360, time: 0.080, data: 0.010) G_GAN: 0.701 G_L1: 2.906 D_real: 0.700 D_fake: 0.697 semi_sup: 0.019 
saving the latest model (epoch 44, total_iters 196000)
(epoch: 44, iters: 4060, time: 0.079, data: 0.016) G_GAN: 0.751 G_L1: 2.976 D_real: 0.739 D_fake: 0.751 semi_sup: 0.021 
End of epoch 44 / 100 	 Time Taken: 232 sec
learning rate 0.0002000 -> 0.0002000
(epoch: 45, iters: 280, time: 0.079, data: 0.010) G_GAN: 0.727 G_L1: 3.043 D_real: 0.648 D_fake: 0.714 semi_sup: 0.021 
(epoch: 45, iters: 980, time: 0.079, data: 0.010) G_GAN: 0.834 G_L1: 2.975 D_real: 0.572 D_fake: 0.707 semi_sup: 0.018 
(epoch: 45, iters: 1680, time: 0.081, data: 0.012) G_GAN: 0.651 G_L1: 2.833 D_real: 0.797 D_fake: 0.548 semi_sup: 0.019 
(epoch: 45, iters: 2380, time: 0.079, data: 0.009) G_GAN: 0.690 G_L1: 2.895 D_real: 0.675 D_fake: 0.720 semi_sup: 0.020 
(epoch: 45, iters: 3080, time: 0.079, data: 0.012) G_GAN: 0.907 G_L1: 2.858 D_real: 0.497 D_fake: 0.771 semi_sup: 0.016 
(epoch: 45, iters: 3780, time: 0.079, data: 0.010) G_GAN: 0.858 G_L1: 3.128 D_real: 0.567 D_fake: 0.724 semi_sup: 0.019 
(epoch: 45, iters: 4480, time: 0.064, data: 0.010) G_GAN: 1.017 G_L1: 3.083 D_real: 0.474 D_fake: 0.663 semi_sup: 0.017 
End of epoch 45 / 100 	 Time Taken: 232 sec
learning rate 0.0002000 -> 0.0002000
(epoch: 46, iters: 700, time: 0.079, data: 0.505) G_GAN: 0.802 G_L1: 2.931 D_real: 0.610 D_fake: 0.720 semi_sup: 0.019 
(epoch: 46, iters: 1400, time: 0.069, data: 0.010) G_GAN: 0.790 G_L1: 2.904 D_real: 0.627 D_fake: 0.653 semi_sup: 0.019 
(epoch: 46, iters: 2100, time: 0.079, data: 0.620) G_GAN: 0.804 G_L1: 3.019 D_real: 0.660 D_fake: 0.747 semi_sup: 0.019 
(epoch: 46, iters: 2800, time: 0.082, data: 0.010) G_GAN: 0.753 G_L1: 2.970 D_real: 0.693 D_fake: 0.643 semi_sup: 0.020 
(epoch: 46, iters: 3500, time: 0.064, data: 0.010) G_GAN: 0.848 G_L1: 3.022 D_real: 0.559 D_fake: 0.668 semi_sup: 0.018 
(epoch: 46, iters: 4200, time: 0.079, data: 0.010) G_GAN: 0.743 G_L1: 2.727 D_real: 0.739 D_fake: 0.605 semi_sup: 0.019 
End of epoch 46 / 100 	 Time Taken: 231 sec
learning rate 0.0002000 -> 0.0002000
(epoch: 47, iters: 420, time: 0.079, data: 0.010) G_GAN: 0.711 G_L1: 3.015 D_real: 0.783 D_fake: 0.556 semi_sup: 0.021 
(epoch: 47, iters: 1120, time: 0.081, data: 0.010) G_GAN: 0.722 G_L1: 3.095 D_real: 0.741 D_fake: 0.676 semi_sup: 0.020 
(epoch: 47, iters: 1820, time: 0.079, data: 0.010) G_GAN: 0.711 G_L1: 2.939 D_real: 0.706 D_fake: 0.746 semi_sup: 0.020 
(epoch: 47, iters: 2520, time: 0.079, data: 0.010) G_GAN: 0.784 G_L1: 2.851 D_real: 0.618 D_fake: 0.676 semi_sup: 0.018 
(epoch: 47, iters: 3220, time: 0.079, data: 0.010) G_GAN: 0.733 G_L1: 3.001 D_real: 0.558 D_fake: 0.727 semi_sup: 0.019 
(epoch: 47, iters: 3920, time: 0.081, data: 0.013) G_GAN: 0.801 G_L1: 2.930 D_real: 0.607 D_fake: 0.626 semi_sup: 0.018 
saving the latest model (epoch 47, total_iters 210000)
End of epoch 47 / 100 	 Time Taken: 233 sec
learning rate 0.0002000 -> 0.0002000
(epoch: 48, iters: 140, time: 0.079, data: 0.010) G_GAN: 0.667 G_L1: 2.683 D_real: 0.791 D_fake: 0.538 semi_sup: 0.018 
(epoch: 48, iters: 840, time: 0.079, data: 0.009) G_GAN: 0.749 G_L1: 2.936 D_real: 0.589 D_fake: 0.627 semi_sup: 0.017 
(epoch: 48, iters: 1540, time: 0.079, data: 0.013) G_GAN: 0.948 G_L1: 3.059 D_real: 0.898 D_fake: 0.557 semi_sup: 0.020 
(epoch: 48, iters: 2240, time: 0.080, data: 0.010) G_GAN: 0.599 G_L1: 2.468 D_real: 1.102 D_fake: 0.447 semi_sup: 0.016 
(epoch: 48, iters: 2940, time: 0.079, data: 0.010) G_GAN: 0.629 G_L1: 2.899 D_real: 0.918 D_fake: 0.598 semi_sup: 0.019 
(epoch: 48, iters: 3640, time: 0.079, data: 0.009) G_GAN: 0.757 G_L1: 2.992 D_real: 0.659 D_fake: 0.648 semi_sup: 0.018 
(epoch: 48, iters: 4340, time: 0.079, data: 0.010) G_GAN: 0.836 G_L1: 3.006 D_real: 0.650 D_fake: 0.604 semi_sup: 0.019 
End of epoch 48 / 100 	 Time Taken: 231 sec
learning rate 0.0002000 -> 0.0002000
(epoch: 49, iters: 560, time: 0.081, data: 0.010) G_GAN: 0.748 G_L1: 2.799 D_real: 0.660 D_fake: 0.777 semi_sup: 0.018 
(epoch: 49, iters: 1260, time: 0.079, data: 0.011) G_GAN: 0.763 G_L1: 2.755 D_real: 0.552 D_fake: 0.777 semi_sup: 0.018 
(epoch: 49, iters: 1960, time: 0.079, data: 0.010) G_GAN: 0.846 G_L1: 3.094 D_real: 0.652 D_fake: 0.573 semi_sup: 0.019 
(epoch: 49, iters: 2660, time: 0.079, data: 0.010) G_GAN: 0.794 G_L1: 2.900 D_real: 0.554 D_fake: 0.927 semi_sup: 0.019 
(epoch: 49, iters: 3360, time: 0.079, data: 0.016) G_GAN: 0.727 G_L1: 2.682 D_real: 0.565 D_fake: 0.763 semi_sup: 0.016 
(epoch: 49, iters: 4060, time: 0.079, data: 0.010) G_GAN: 0.713 G_L1: 2.820 D_real: 0.742 D_fake: 0.663 semi_sup: 0.018 
End of epoch 49 / 100 	 Time Taken: 230 sec
learning rate 0.0002000 -> 0.0002000
(epoch: 50, iters: 280, time: 0.079, data: 0.009) G_GAN: 0.689 G_L1: 2.862 D_real: 0.778 D_fake: 0.604 semi_sup: 0.018 
(epoch: 50, iters: 980, time: 0.079, data: 0.013) G_GAN: 0.698 G_L1: 2.885 D_real: 0.716 D_fake: 0.676 semi_sup: 0.019 
(epoch: 50, iters: 1680, time: 0.081, data: 0.010) G_GAN: 0.702 G_L1: 2.784 D_real: 0.797 D_fake: 0.596 semi_sup: 0.018 
(epoch: 50, iters: 2380, time: 0.079, data: 0.010) G_GAN: 0.819 G_L1: 3.044 D_real: 0.520 D_fake: 0.777 semi_sup: 0.019 
(epoch: 50, iters: 3080, time: 0.079, data: 0.010) G_GAN: 0.907 G_L1: 2.897 D_real: 0.498 D_fake: 0.707 semi_sup: 0.017 
(epoch: 50, iters: 3780, time: 0.070, data: 0.010) G_GAN: 0.742 G_L1: 2.857 D_real: 0.642 D_fake: 0.579 semi_sup: 0.018 
(epoch: 50, iters: 4480, time: 0.067, data: 0.581) G_GAN: 0.821 G_L1: 2.810 D_real: 0.702 D_fake: 0.639 semi_sup: 0.019 
saving the latest model (epoch 50, total_iters 224000)
End of epoch 50 / 100 	 Time Taken: 236 sec
learning rate 0.0002000 -> 0.0002000
(epoch: 51, iters: 700, time: 0.079, data: 0.501) G_GAN: 0.713 G_L1: 2.695 D_real: 0.638 D_fake: 0.689 semi_sup: 0.020 
(epoch: 51, iters: 1400, time: 0.065, data: 0.014) G_GAN: 0.687 G_L1: 2.809 D_real: 0.692 D_fake: 0.695 semi_sup: 0.020 
(epoch: 51, iters: 2100, time: 0.079, data: 0.012) G_GAN: 0.708 G_L1: 2.806 D_real: 0.603 D_fake: 0.701 semi_sup: 0.017 
(epoch: 51, iters: 2800, time: 0.081, data: 0.010) G_GAN: 0.863 G_L1: 2.971 D_real: 0.493 D_fake: 0.724 semi_sup: 0.021 
(epoch: 51, iters: 3500, time: 0.079, data: 0.010) G_GAN: 0.686 G_L1: 2.924 D_real: 0.708 D_fake: 0.711 semi_sup: 0.019 
(epoch: 51, iters: 4200, time: 0.079, data: 0.016) G_GAN: 0.727 G_L1: 2.986 D_real: 0.688 D_fake: 0.653 semi_sup: 0.021 
End of epoch 51 / 100 	 Time Taken: 230 sec
learning rate 0.0002000 -> 0.0002000
(epoch: 52, iters: 420, time: 0.079, data: 0.010) G_GAN: 0.796 G_L1: 2.704 D_real: 0.570 D_fake: 0.702 semi_sup: 0.018 
(epoch: 52, iters: 1120, time: 0.081, data: 0.009) G_GAN: 0.711 G_L1: 2.962 D_real: 0.629 D_fake: 0.770 semi_sup: 0.019 
(epoch: 52, iters: 1820, time: 0.079, data: 0.013) G_GAN: 0.740 G_L1: 2.881 D_real: 0.615 D_fake: 0.621 semi_sup: 0.018 
(epoch: 52, iters: 2520, time: 0.080, data: 0.010) G_GAN: 0.738 G_L1: 3.022 D_real: 0.746 D_fake: 0.562 semi_sup: 0.019 
(epoch: 52, iters: 3220, time: 0.080, data: 0.010) G_GAN: 0.819 G_L1: 2.944 D_real: 0.538 D_fake: 0.713 semi_sup: 0.018 
(epoch: 52, iters: 3920, time: 0.080, data: 0.012) G_GAN: 0.809 G_L1: 3.070 D_real: 0.609 D_fake: 0.689 semi_sup: 0.019 
End of epoch 52 / 100 	 Time Taken: 232 sec
learning rate 0.0002000 -> 0.0002000
(epoch: 53, iters: 140, time: 0.080, data: 0.010) G_GAN: 0.776 G_L1: 2.882 D_real: 0.639 D_fake: 0.687 semi_sup: 0.018 
(epoch: 53, iters: 840, time: 0.079, data: 0.013) G_GAN: 0.651 G_L1: 2.811 D_real: 0.707 D_fake: 0.618 semi_sup: 0.018 
(epoch: 53, iters: 1540, time: 0.078, data: 0.010) G_GAN: 0.714 G_L1: 2.814 D_real: 0.672 D_fake: 0.783 semi_sup: 0.019 
(epoch: 53, iters: 2240, time: 0.080, data: 0.010) G_GAN: 0.771 G_L1: 3.043 D_real: 0.590 D_fake: 0.651 semi_sup: 0.018 
(epoch: 53, iters: 2940, time: 0.078, data: 0.010) G_GAN: 0.790 G_L1: 3.110 D_real: 0.662 D_fake: 0.677 semi_sup: 0.019 
(epoch: 53, iters: 3640, time: 0.078, data: 0.009) G_GAN: 0.806 G_L1: 2.940 D_real: 0.551 D_fake: 0.738 semi_sup: 0.019 
(epoch: 53, iters: 4340, time: 0.077, data: 0.016) G_GAN: 0.730 G_L1: 2.941 D_real: 0.835 D_fake: 0.542 semi_sup: 0.021 
End of epoch 53 / 100 	 Time Taken: 229 sec
learning rate 0.0002000 -> 0.0002000
(epoch: 54, iters: 560, time: 0.080, data: 0.010) G_GAN: 0.650 G_L1: 2.862 D_real: 0.830 D_fake: 0.595 semi_sup: 0.019 
saving the latest model (epoch 54, total_iters 238000)
(epoch: 54, iters: 1260, time: 0.080, data: 0.009) G_GAN: 0.692 G_L1: 2.886 D_real: 0.755 D_fake: 0.668 semi_sup: 0.019 
(epoch: 54, iters: 1960, time: 0.078, data: 0.010) G_GAN: 0.644 G_L1: 2.735 D_real: 0.831 D_fake: 0.634 semi_sup: 0.020 
(epoch: 54, iters: 2660, time: 0.078, data: 0.010) G_GAN: 0.702 G_L1: 2.917 D_real: 0.703 D_fake: 0.726 semi_sup: 0.020 
(epoch: 54, iters: 3360, time: 0.078, data: 0.010) G_GAN: 0.802 G_L1: 3.022 D_real: 0.623 D_fake: 0.650 semi_sup: 0.018 
(epoch: 54, iters: 4060, time: 0.078, data: 0.012) G_GAN: 0.653 G_L1: 2.806 D_real: 0.776 D_fake: 0.618 semi_sup: 0.018 
End of epoch 54 / 100 	 Time Taken: 229 sec
learning rate 0.0002000 -> 0.0002000
(epoch: 55, iters: 280, time: 0.078, data: 0.009) G_GAN: 0.809 G_L1: 2.820 D_real: 0.654 D_fake: 0.626 semi_sup: 0.018 
(epoch: 55, iters: 980, time: 0.078, data: 0.010) G_GAN: 0.745 G_L1: 2.856 D_real: 0.689 D_fake: 0.605 semi_sup: 0.018 
(epoch: 55, iters: 1680, time: 0.070, data: 0.012) G_GAN: 0.834 G_L1: 2.808 D_real: 0.569 D_fake: 0.712 semi_sup: 0.018 
(epoch: 55, iters: 2380, time: 0.078, data: 0.602) G_GAN: 0.876 G_L1: 2.938 D_real: 0.541 D_fake: 0.750 semi_sup: 0.018 
(epoch: 55, iters: 3080, time: 0.077, data: 0.010) G_GAN: 0.971 G_L1: 3.016 D_real: 0.486 D_fake: 0.695 semi_sup: 0.018 
(epoch: 55, iters: 3780, time: 0.063, data: 0.010) G_GAN: 0.722 G_L1: 2.940 D_real: 0.740 D_fake: 0.665 semi_sup: 0.019 
(epoch: 55, iters: 4480, time: 0.063, data: 0.009) G_GAN: 0.883 G_L1: 3.119 D_real: 0.595 D_fake: 0.758 semi_sup: 0.020 
End of epoch 55 / 100 	 Time Taken: 229 sec
learning rate 0.0002000 -> 0.0002000
(epoch: 56, iters: 700, time: 0.077, data: 0.499) G_GAN: 0.891 G_L1: 3.106 D_real: 0.549 D_fake: 0.606 semi_sup: 0.018 
(epoch: 56, iters: 1400, time: 0.077, data: 0.012) G_GAN: 0.923 G_L1: 2.871 D_real: 0.686 D_fake: 0.735 semi_sup: 0.019 
(epoch: 56, iters: 2100, time: 0.077, data: 0.009) G_GAN: 0.817 G_L1: 2.917 D_real: 0.567 D_fake: 0.682 semi_sup: 0.018 
(epoch: 56, iters: 2800, time: 0.080, data: 0.010) G_GAN: 0.666 G_L1: 2.855 D_real: 0.700 D_fake: 0.692 semi_sup: 0.019 
(epoch: 56, iters: 3500, time: 0.077, data: 0.010) G_GAN: 0.707 G_L1: 2.843 D_real: 0.663 D_fake: 0.704 semi_sup: 0.018 
(epoch: 56, iters: 4200, time: 0.078, data: 0.014) G_GAN: 1.027 G_L1: 3.104 D_real: 0.449 D_fake: 0.736 semi_sup: 0.018 
End of epoch 56 / 100 	 Time Taken: 226 sec
learning rate 0.0002000 -> 0.0002000
(epoch: 57, iters: 420, time: 0.078, data: 0.010) G_GAN: 0.833 G_L1: 2.948 D_real: 0.574 D_fake: 0.805 semi_sup: 0.021 
(epoch: 57, iters: 1120, time: 0.079, data: 0.012) G_GAN: 0.793 G_L1: 2.847 D_real: 0.686 D_fake: 0.594 semi_sup: 0.017 
saving the latest model (epoch 57, total_iters 252000)
(epoch: 57, iters: 1820, time: 0.079, data: 0.012) G_GAN: 0.736 G_L1: 2.755 D_real: 0.662 D_fake: 0.674 semi_sup: 0.018 
(epoch: 57, iters: 2520, time: 0.079, data: 0.016) G_GAN: 0.894 G_L1: 3.023 D_real: 0.504 D_fake: 0.686 semi_sup: 0.017 
(epoch: 57, iters: 3220, time: 0.079, data: 0.010) G_GAN: 0.693 G_L1: 2.796 D_real: 0.697 D_fake: 0.644 semi_sup: 0.018 
(epoch: 57, iters: 3920, time: 0.079, data: 0.011) G_GAN: 0.686 G_L1: 2.614 D_real: 0.746 D_fake: 0.613 semi_sup: 0.019 
End of epoch 57 / 100 	 Time Taken: 231 sec
learning rate 0.0002000 -> 0.0002000
(epoch: 58, iters: 140, time: 0.079, data: 0.010) G_GAN: 0.702 G_L1: 2.929 D_real: 0.913 D_fake: 0.483 semi_sup: 0.019 
(epoch: 58, iters: 840, time: 0.079, data: 0.014) G_GAN: 0.657 G_L1: 2.774 D_real: 0.665 D_fake: 0.637 semi_sup: 0.019 
(epoch: 58, iters: 1540, time: 0.079, data: 0.009) G_GAN: 0.712 G_L1: 2.727 D_real: 0.736 D_fake: 0.566 semi_sup: 0.018 
(epoch: 58, iters: 2240, time: 0.082, data: 0.010) G_GAN: 0.718 G_L1: 2.988 D_real: 0.720 D_fake: 0.562 semi_sup: 0.021 
(epoch: 58, iters: 2940, time: 0.078, data: 0.010) G_GAN: 0.749 G_L1: 2.791 D_real: 0.657 D_fake: 0.699 semi_sup: 0.018 
(epoch: 58, iters: 3640, time: 0.078, data: 0.009) G_GAN: 0.717 G_L1: 2.623 D_real: 0.760 D_fake: 0.563 semi_sup: 0.019 
(epoch: 58, iters: 4340, time: 0.078, data: 0.010) G_GAN: 0.791 G_L1: 2.891 D_real: 0.571 D_fake: 0.709 semi_sup: 0.017 
End of epoch 58 / 100 	 Time Taken: 230 sec
learning rate 0.0002000 -> 0.0002000
(epoch: 59, iters: 560, time: 0.080, data: 0.010) G_GAN: 0.971 G_L1: 3.030 D_real: 0.508 D_fake: 0.716 semi_sup: 0.018 
(epoch: 59, iters: 1260, time: 0.078, data: 0.012) G_GAN: 0.794 G_L1: 2.894 D_real: 0.775 D_fake: 0.668 semi_sup: 0.019 
(epoch: 59, iters: 1960, time: 0.078, data: 0.010) G_GAN: 0.832 G_L1: 2.889 D_real: 0.554 D_fake: 0.716 semi_sup: 0.018 
(epoch: 59, iters: 2660, time: 0.078, data: 0.009) G_GAN: 0.836 G_L1: 3.017 D_real: 0.718 D_fake: 0.619 semi_sup: 0.018 
(epoch: 59, iters: 3360, time: 0.079, data: 0.010) G_GAN: 0.784 G_L1: 2.830 D_real: 0.598 D_fake: 0.808 semi_sup: 0.018 
(epoch: 59, iters: 4060, time: 0.069, data: 0.010) G_GAN: 0.761 G_L1: 2.859 D_real: 0.685 D_fake: 0.636 semi_sup: 0.019 
End of epoch 59 / 100 	 Time Taken: 230 sec
learning rate 0.0002000 -> 0.0002000
(epoch: 60, iters: 280, time: 0.078, data: 0.540) G_GAN: 1.111 G_L1: 3.038 D_real: 0.532 D_fake: 0.780 semi_sup: 0.019 
(epoch: 60, iters: 980, time: 0.078, data: 0.012) G_GAN: 0.748 G_L1: 2.922 D_real: 0.670 D_fake: 0.681 semi_sup: 0.019 
(epoch: 60, iters: 1680, time: 0.065, data: 0.011) G_GAN: 0.776 G_L1: 2.842 D_real: 0.635 D_fake: 0.681 semi_sup: 0.018 
saving the latest model (epoch 60, total_iters 266000)
(epoch: 60, iters: 2380, time: 0.078, data: 0.007) G_GAN: 0.824 G_L1: 2.921 D_real: 0.637 D_fake: 0.653 semi_sup: 0.019 
(epoch: 60, iters: 3080, time: 0.078, data: 0.010) G_GAN: 0.633 G_L1: 2.857 D_real: 0.840 D_fake: 0.525 semi_sup: 0.019 
(epoch: 60, iters: 3780, time: 0.078, data: 0.010) G_GAN: 0.802 G_L1: 2.991 D_real: 0.659 D_fake: 0.693 semi_sup: 0.022 
(epoch: 60, iters: 4480, time: 0.064, data: 0.012) G_GAN: 0.760 G_L1: 2.958 D_real: 0.774 D_fake: 0.609 semi_sup: 0.019 
saving the model at the end of epoch 60, iters 268800
End of epoch 60 / 100 	 Time Taken: 234 sec
learning rate 0.0002000 -> 0.0002000
(epoch: 61, iters: 700, time: 0.078, data: 0.516) G_GAN: 0.672 G_L1: 2.711 D_real: 0.841 D_fake: 0.563 semi_sup: 0.018 
(epoch: 61, iters: 1400, time: 0.079, data: 0.012) G_GAN: 0.761 G_L1: 2.729 D_real: 0.679 D_fake: 0.704 semi_sup: 0.018 
(epoch: 61, iters: 2100, time: 0.078, data: 0.011) G_GAN: 0.719 G_L1: 2.825 D_real: 0.756 D_fake: 0.572 semi_sup: 0.018 
(epoch: 61, iters: 2800, time: 0.080, data: 0.010) G_GAN: 0.740 G_L1: 2.860 D_real: 0.609 D_fake: 0.694 semi_sup: 0.018 
(epoch: 61, iters: 3500, time: 0.078, data: 0.012) G_GAN: 0.850 G_L1: 2.874 D_real: 0.546 D_fake: 0.651 semi_sup: 0.017 
(epoch: 61, iters: 4200, time: 0.078, data: 0.011) G_GAN: 0.836 G_L1: 3.072 D_real: 0.600 D_fake: 0.614 semi_sup: 0.018 
End of epoch 61 / 100 	 Time Taken: 228 sec
learning rate 0.0002000 -> 0.0002000
(epoch: 62, iters: 420, time: 0.078, data: 0.010) G_GAN: 0.949 G_L1: 3.020 D_real: 0.662 D_fake: 0.975 semi_sup: 0.018 
(epoch: 62, iters: 1120, time: 0.081, data: 0.009) G_GAN: 0.740 G_L1: 2.950 D_real: 0.718 D_fake: 0.604 semi_sup: 0.019 
(epoch: 62, iters: 1820, time: 0.078, data: 0.011) G_GAN: 0.800 G_L1: 2.826 D_real: 0.672 D_fake: 0.602 semi_sup: 0.017 
(epoch: 62, iters: 2520, time: 0.078, data: 0.012) G_GAN: 0.812 G_L1: 2.818 D_real: 0.558 D_fake: 0.752 semi_sup: 0.018 
(epoch: 62, iters: 3220, time: 0.079, data: 0.010) G_GAN: 0.693 G_L1: 2.840 D_real: 0.816 D_fake: 0.499 semi_sup: 0.017 
(epoch: 62, iters: 3920, time: 0.078, data: 0.011) G_GAN: 0.680 G_L1: 3.012 D_real: 0.806 D_fake: 0.555 semi_sup: 0.019 
End of epoch 62 / 100 	 Time Taken: 229 sec
learning rate 0.0002000 -> 0.0002000
(epoch: 63, iters: 140, time: 0.079, data: 0.010) G_GAN: 1.007 G_L1: 3.354 D_real: 0.458 D_fake: 0.811 semi_sup: 0.019 
(epoch: 63, iters: 840, time: 0.078, data: 0.009) G_GAN: 0.757 G_L1: 2.860 D_real: 0.574 D_fake: 0.679 semi_sup: 0.018 
(epoch: 63, iters: 1540, time: 0.078, data: 0.009) G_GAN: 0.677 G_L1: 2.752 D_real: 0.782 D_fake: 0.576 semi_sup: 0.018 
(epoch: 63, iters: 2240, time: 0.080, data: 0.010) G_GAN: 0.911 G_L1: 2.968 D_real: 0.563 D_fake: 0.715 semi_sup: 0.020 
saving the latest model (epoch 63, total_iters 280000)
(epoch: 63, iters: 2940, time: 0.078, data: 0.010) G_GAN: 0.769 G_L1: 2.914 D_real: 0.644 D_fake: 0.645 semi_sup: 0.018 
(epoch: 63, iters: 3640, time: 0.078, data: 0.010) G_GAN: 0.704 G_L1: 2.744 D_real: 0.660 D_fake: 0.648 semi_sup: 0.017 
(epoch: 63, iters: 4340, time: 0.078, data: 0.010) G_GAN: 0.784 G_L1: 2.949 D_real: 0.626 D_fake: 0.727 semi_sup: 0.019 
End of epoch 63 / 100 	 Time Taken: 230 sec
learning rate 0.0002000 -> 0.0002000
(epoch: 64, iters: 560, time: 0.081, data: 0.010) G_GAN: 0.732 G_L1: 2.997 D_real: 0.746 D_fake: 0.574 semi_sup: 0.020 
(epoch: 64, iters: 1260, time: 0.078, data: 0.010) G_GAN: 0.732 G_L1: 2.846 D_real: 0.779 D_fake: 0.661 semi_sup: 0.019 
(epoch: 64, iters: 1960, time: 0.069, data: 0.009) G_GAN: 0.715 G_L1: 2.743 D_real: 0.718 D_fake: 0.674 semi_sup: 0.019 
(epoch: 64, iters: 2660, time: 0.078, data: 0.598) G_GAN: 0.906 G_L1: 2.958 D_real: 0.561 D_fake: 0.691 semi_sup: 0.018 
(epoch: 64, iters: 3360, time: 0.078, data: 0.010) G_GAN: 0.724 G_L1: 3.014 D_real: 0.706 D_fake: 0.708 semi_sup: 0.020 
(epoch: 64, iters: 4060, time: 0.065, data: 0.010) G_GAN: 0.807 G_L1: 2.673 D_real: 0.556 D_fake: 0.713 semi_sup: 0.017 
End of epoch 64 / 100 	 Time Taken: 230 sec
learning rate 0.0002000 -> 0.0002000
(epoch: 65, iters: 280, time: 0.078, data: 0.007) G_GAN: 0.889 G_L1: 2.713 D_real: 0.552 D_fake: 0.771 semi_sup: 0.018 
(epoch: 65, iters: 980, time: 0.078, data: 0.010) G_GAN: 0.776 G_L1: 2.918 D_real: 0.693 D_fake: 0.591 semi_sup: 0.018 
(epoch: 65, iters: 1680, time: 0.081, data: 0.012) G_GAN: 0.760 G_L1: 2.817 D_real: 0.727 D_fake: 0.576 semi_sup: 0.018 
(epoch: 65, iters: 2380, time: 0.078, data: 0.011) G_GAN: 0.689 G_L1: 2.837 D_real: 0.741 D_fake: 0.589 semi_sup: 0.020 
(epoch: 65, iters: 3080, time: 0.078, data: 0.010) G_GAN: 0.802 G_L1: 3.052 D_real: 0.688 D_fake: 0.583 semi_sup: 0.019 
(epoch: 65, iters: 3780, time: 0.078, data: 0.010) G_GAN: 0.783 G_L1: 2.756 D_real: 0.598 D_fake: 0.675 semi_sup: 0.019 
(epoch: 65, iters: 4480, time: 0.064, data: 0.010) G_GAN: 0.845 G_L1: 2.970 D_real: 0.587 D_fake: 0.577 semi_sup: 0.017 
End of epoch 65 / 100 	 Time Taken: 231 sec
learning rate 0.0002000 -> 0.0002000
(epoch: 66, iters: 700, time: 0.079, data: 0.504) G_GAN: 0.918 G_L1: 2.974 D_real: 0.523 D_fake: 0.744 semi_sup: 0.019 
(epoch: 66, iters: 1400, time: 0.078, data: 0.010) G_GAN: 1.491 G_L1: 2.905 D_real: 0.978 D_fake: 0.933 semi_sup: 0.019 
(epoch: 66, iters: 2100, time: 0.078, data: 0.016) G_GAN: 0.640 G_L1: 2.775 D_real: 0.892 D_fake: 0.580 semi_sup: 0.018 
(epoch: 66, iters: 2800, time: 0.081, data: 0.010) G_GAN: 0.664 G_L1: 2.844 D_real: 0.733 D_fake: 0.642 semi_sup: 0.018 
saving the latest model (epoch 66, total_iters 294000)
(epoch: 66, iters: 3500, time: 0.078, data: 0.010) G_GAN: 0.672 G_L1: 2.866 D_real: 0.708 D_fake: 0.652 semi_sup: 0.019 
(epoch: 66, iters: 4200, time: 0.078, data: 0.009) G_GAN: 0.695 G_L1: 2.927 D_real: 0.831 D_fake: 0.629 semi_sup: 0.020 
End of epoch 66 / 100 	 Time Taken: 230 sec
learning rate 0.0002000 -> 0.0002000
(epoch: 67, iters: 420, time: 0.078, data: 0.010) G_GAN: 0.820 G_L1: 2.963 D_real: 0.597 D_fake: 0.813 semi_sup: 0.020 
(epoch: 67, iters: 1120, time: 0.081, data: 0.009) G_GAN: 0.748 G_L1: 2.908 D_real: 0.532 D_fake: 0.817 semi_sup: 0.019 
(epoch: 67, iters: 1820, time: 0.078, data: 0.011) G_GAN: 0.756 G_L1: 2.642 D_real: 0.715 D_fake: 0.686 semi_sup: 0.017 
(epoch: 67, iters: 2520, time: 0.078, data: 0.013) G_GAN: 0.753 G_L1: 2.841 D_real: 0.640 D_fake: 0.698 semi_sup: 0.018 
(epoch: 67, iters: 3220, time: 0.078, data: 0.010) G_GAN: 0.863 G_L1: 2.850 D_real: 0.506 D_fake: 0.782 semi_sup: 0.017 
(epoch: 67, iters: 3920, time: 0.079, data: 0.014) G_GAN: 0.652 G_L1: 2.853 D_real: 0.809 D_fake: 0.592 semi_sup: 0.019 
End of epoch 67 / 100 	 Time Taken: 229 sec
learning rate 0.0002000 -> 0.0002000
(epoch: 68, iters: 140, time: 0.078, data: 0.010) G_GAN: 0.785 G_L1: 2.970 D_real: 0.553 D_fake: 0.737 semi_sup: 0.017 
(epoch: 68, iters: 840, time: 0.078, data: 0.011) G_GAN: 0.716 G_L1: 2.584 D_real: 0.702 D_fake: 0.634 semi_sup: 0.019 
(epoch: 68, iters: 1540, time: 0.078, data: 0.010) G_GAN: 0.799 G_L1: 2.803 D_real: 0.686 D_fake: 0.649 semi_sup: 0.018 
(epoch: 68, iters: 2240, time: 0.080, data: 0.010) G_GAN: 0.630 G_L1: 2.922 D_real: 0.817 D_fake: 0.636 semi_sup: 0.019 
(epoch: 68, iters: 2940, time: 0.078, data: 0.010) G_GAN: 0.564 G_L1: 2.776 D_real: 0.970 D_fake: 0.516 semi_sup: 0.019 
(epoch: 68, iters: 3640, time: 0.078, data: 0.010) G_GAN: 0.634 G_L1: 2.800 D_real: 0.760 D_fake: 0.565 semi_sup: 0.018 
(epoch: 68, iters: 4340, time: 0.069, data: 0.010) G_GAN: 0.903 G_L1: 2.926 D_real: 0.493 D_fake: 0.874 semi_sup: 0.018 
End of epoch 68 / 100 	 Time Taken: 229 sec
learning rate 0.0002000 -> 0.0002000
(epoch: 69, iters: 560, time: 0.082, data: 0.554) G_GAN: 0.753 G_L1: 2.892 D_real: 0.601 D_fake: 0.783 semi_sup: 0.018 
(epoch: 69, iters: 1260, time: 0.078, data: 0.010) G_GAN: 0.698 G_L1: 2.886 D_real: 0.715 D_fake: 0.637 semi_sup: 0.019 
(epoch: 69, iters: 1960, time: 0.063, data: 0.010) G_GAN: 0.725 G_L1: 2.892 D_real: 0.819 D_fake: 0.489 semi_sup: 0.018 
(epoch: 69, iters: 2660, time: 0.078, data: 0.008) G_GAN: 0.803 G_L1: 2.870 D_real: 0.596 D_fake: 0.795 semi_sup: 0.020 
(epoch: 69, iters: 3360, time: 0.081, data: 0.016) G_GAN: 0.676 G_L1: 2.896 D_real: 0.669 D_fake: 0.687 semi_sup: 0.021 
saving the latest model (epoch 69, total_iters 308000)
(epoch: 69, iters: 4060, time: 0.078, data: 0.010) G_GAN: 0.634 G_L1: 2.919 D_real: 0.975 D_fake: 0.498 semi_sup: 0.020 
End of epoch 69 / 100 	 Time Taken: 231 sec
learning rate 0.0002000 -> 0.0002000
(epoch: 70, iters: 280, time: 0.078, data: 0.012) G_GAN: 0.718 G_L1: 2.840 D_real: 0.738 D_fake: 0.654 semi_sup: 0.019 
(epoch: 70, iters: 980, time: 0.078, data: 0.012) G_GAN: 0.826 G_L1: 2.742 D_real: 0.597 D_fake: 0.782 semi_sup: 0.018 
(epoch: 70, iters: 1680, time: 0.081, data: 0.010) G_GAN: 0.700 G_L1: 2.751 D_real: 0.817 D_fake: 0.582 semi_sup: 0.019 
(epoch: 70, iters: 2380, time: 0.078, data: 0.009) G_GAN: 0.736 G_L1: 2.851 D_real: 0.696 D_fake: 0.619 semi_sup: 0.019 
(epoch: 70, iters: 3080, time: 0.078, data: 0.010) G_GAN: 0.841 G_L1: 3.044 D_real: 0.626 D_fake: 0.621 semi_sup: 0.019 
(epoch: 70, iters: 3780, time: 0.078, data: 0.010) G_GAN: 0.772 G_L1: 2.999 D_real: 0.745 D_fake: 0.549 semi_sup: 0.019 
(epoch: 70, iters: 4480, time: 0.064, data: 0.013) G_GAN: 0.856 G_L1: 2.963 D_real: 0.582 D_fake: 0.763 semi_sup: 0.017 
End of epoch 70 / 100 	 Time Taken: 231 sec
learning rate 0.0002000 -> 0.0002000
(epoch: 71, iters: 700, time: 0.078, data: 0.492) G_GAN: 0.676 G_L1: 2.815 D_real: 0.799 D_fake: 0.543 semi_sup: 0.018 
(epoch: 71, iters: 1400, time: 0.078, data: 0.010) G_GAN: 0.898 G_L1: 3.055 D_real: 0.503 D_fake: 0.789 semi_sup: 0.019 
(epoch: 71, iters: 2100, time: 0.078, data: 0.010) G_GAN: 0.929 G_L1: 2.885 D_real: 0.501 D_fake: 0.853 semi_sup: 0.019 
(epoch: 71, iters: 2800, time: 0.080, data: 0.010) G_GAN: 0.894 G_L1: 2.855 D_real: 0.562 D_fake: 0.771 semi_sup: 0.019 
(epoch: 71, iters: 3500, time: 0.078, data: 0.012) G_GAN: 0.832 G_L1: 2.784 D_real: 0.591 D_fake: 0.694 semi_sup: 0.017 
(epoch: 71, iters: 4200, time: 0.078, data: 0.010) G_GAN: 0.693 G_L1: 2.884 D_real: 0.785 D_fake: 0.622 semi_sup: 0.019 
End of epoch 71 / 100 	 Time Taken: 228 sec
learning rate 0.0002000 -> 0.0002000
(epoch: 72, iters: 420, time: 0.078, data: 0.010) G_GAN: 0.848 G_L1: 2.923 D_real: 0.594 D_fake: 0.674 semi_sup: 0.018 
(epoch: 72, iters: 1120, time: 0.081, data: 0.009) G_GAN: 0.805 G_L1: 2.797 D_real: 0.644 D_fake: 0.629 semi_sup: 0.017 
(epoch: 72, iters: 1820, time: 0.078, data: 0.009) G_GAN: 0.666 G_L1: 2.811 D_real: 0.785 D_fake: 0.556 semi_sup: 0.019 
(epoch: 72, iters: 2520, time: 0.078, data: 0.010) G_GAN: 0.721 G_L1: 2.879 D_real: 0.733 D_fake: 0.596 semi_sup: 0.018 
(epoch: 72, iters: 3220, time: 0.078, data: 0.012) G_GAN: 0.924 G_L1: 2.941 D_real: 0.462 D_fake: 0.973 semi_sup: 0.019 
(epoch: 72, iters: 3920, time: 0.080, data: 0.010) G_GAN: 0.746 G_L1: 2.994 D_real: 0.802 D_fake: 0.564 semi_sup: 0.019 
saving the latest model (epoch 72, total_iters 322000)
End of epoch 72 / 100 	 Time Taken: 231 sec
learning rate 0.0002000 -> 0.0002000
(epoch: 73, iters: 140, time: 0.078, data: 0.010) G_GAN: 0.749 G_L1: 2.794 D_real: 0.643 D_fake: 0.723 semi_sup: 0.019 
(epoch: 73, iters: 840, time: 0.079, data: 0.011) G_GAN: 0.796 G_L1: 2.811 D_real: 0.603 D_fake: 0.661 semi_sup: 0.017 
(epoch: 73, iters: 1540, time: 0.078, data: 0.010) G_GAN: 0.710 G_L1: 2.673 D_real: 0.710 D_fake: 0.663 semi_sup: 0.018 
(epoch: 73, iters: 2240, time: 0.071, data: 0.010) G_GAN: 0.724 G_L1: 2.836 D_real: 0.620 D_fake: 0.630 semi_sup: 0.017 
(epoch: 73, iters: 2940, time: 0.078, data: 0.631) G_GAN: 1.015 G_L1: 3.065 D_real: 0.494 D_fake: 0.743 semi_sup: 0.019 
(epoch: 73, iters: 3640, time: 0.078, data: 0.010) G_GAN: 1.069 G_L1: 2.996 D_real: 0.396 D_fake: 0.889 semi_sup: 0.018 
(epoch: 73, iters: 4340, time: 0.064, data: 0.010) G_GAN: 0.593 G_L1: 2.635 D_real: 0.981 D_fake: 0.466 semi_sup: 0.019 
End of epoch 73 / 100 	 Time Taken: 229 sec
learning rate 0.0002000 -> 0.0002000
(epoch: 74, iters: 560, time: 0.081, data: 0.008) G_GAN: 0.922 G_L1: 2.890 D_real: 0.533 D_fake: 0.750 semi_sup: 0.018 
(epoch: 74, iters: 1260, time: 0.078, data: 0.010) G_GAN: 0.909 G_L1: 2.864 D_real: 0.519 D_fake: 0.706 semi_sup: 0.018 
(epoch: 74, iters: 1960, time: 0.078, data: 0.012) G_GAN: 0.847 G_L1: 2.756 D_real: 0.565 D_fake: 0.823 semi_sup: 0.019 
(epoch: 74, iters: 2660, time: 0.078, data: 0.009) G_GAN: 0.604 G_L1: 2.919 D_real: 0.865 D_fake: 0.519 semi_sup: 0.020 
(epoch: 74, iters: 3360, time: 0.078, data: 0.015) G_GAN: 0.856 G_L1: 2.478 D_real: 1.158 D_fake: 1.292 semi_sup: 0.015 
(epoch: 74, iters: 4060, time: 0.078, data: 0.010) G_GAN: 0.749 G_L1: 2.864 D_real: 0.674 D_fake: 0.583 semi_sup: 0.018 
End of epoch 74 / 100 	 Time Taken: 229 sec
learning rate 0.0002000 -> 0.0002000
(epoch: 75, iters: 280, time: 0.078, data: 0.010) G_GAN: 0.920 G_L1: 3.002 D_real: 0.489 D_fake: 0.776 semi_sup: 0.018 
(epoch: 75, iters: 980, time: 0.078, data: 0.018) G_GAN: 0.776 G_L1: 2.826 D_real: 0.689 D_fake: 0.601 semi_sup: 0.017 
(epoch: 75, iters: 1680, time: 0.081, data: 0.010) G_GAN: 0.626 G_L1: 2.807 D_real: 0.782 D_fake: 0.574 semi_sup: 0.018 
(epoch: 75, iters: 2380, time: 0.079, data: 0.017) G_GAN: 0.851 G_L1: 2.895 D_real: 0.560 D_fake: 0.710 semi_sup: 0.017 
(epoch: 75, iters: 3080, time: 0.078, data: 0.016) G_GAN: 0.817 G_L1: 2.920 D_real: 0.509 D_fake: 0.679 semi_sup: 0.016 
(epoch: 75, iters: 3780, time: 0.078, data: 0.010) G_GAN: 0.675 G_L1: 2.728 D_real: 0.742 D_fake: 0.652 semi_sup: 0.018 
(epoch: 75, iters: 4480, time: 0.066, data: 0.013) G_GAN: 0.963 G_L1: 3.213 D_real: 0.412 D_fake: 0.775 semi_sup: 0.019 
saving the latest model (epoch 75, total_iters 336000)
End of epoch 75 / 100 	 Time Taken: 232 sec
learning rate 0.0002000 -> 0.0002000
(epoch: 76, iters: 700, time: 0.078, data: 0.493) G_GAN: 0.709 G_L1: 2.903 D_real: 0.830 D_fake: 0.547 semi_sup: 0.019 
(epoch: 76, iters: 1400, time: 0.078, data: 0.013) G_GAN: 0.689 G_L1: 2.850 D_real: 0.737 D_fake: 0.612 semi_sup: 0.018 
(epoch: 76, iters: 2100, time: 0.078, data: 0.009) G_GAN: 0.867 G_L1: 2.886 D_real: 0.486 D_fake: 0.775 semi_sup: 0.018 
(epoch: 76, iters: 2800, time: 0.082, data: 0.010) G_GAN: 0.885 G_L1: 2.970 D_real: 0.565 D_fake: 0.673 semi_sup: 0.019 
(epoch: 76, iters: 3500, time: 0.078, data: 0.010) G_GAN: 0.914 G_L1: 2.910 D_real: 0.501 D_fake: 0.675 semi_sup: 0.017 
(epoch: 76, iters: 4200, time: 0.078, data: 0.010) G_GAN: 0.709 G_L1: 2.871 D_real: 0.750 D_fake: 0.620 semi_sup: 0.018 
End of epoch 76 / 100 	 Time Taken: 228 sec
learning rate 0.0002000 -> 0.0002000
(epoch: 77, iters: 420, time: 0.078, data: 0.009) G_GAN: 0.732 G_L1: 2.783 D_real: 0.663 D_fake: 0.644 semi_sup: 0.018 
(epoch: 77, iters: 1120, time: 0.081, data: 0.012) G_GAN: 0.890 G_L1: 2.823 D_real: 0.566 D_fake: 0.771 semi_sup: 0.019 
(epoch: 77, iters: 1820, time: 0.078, data: 0.010) G_GAN: 0.958 G_L1: 2.960 D_real: 0.569 D_fake: 0.688 semi_sup: 0.018 
(epoch: 77, iters: 2520, time: 0.078, data: 0.010) G_GAN: 0.722 G_L1: 2.819 D_real: 0.741 D_fake: 0.587 semi_sup: 0.019 
(epoch: 77, iters: 3220, time: 0.078, data: 0.012) G_GAN: 0.743 G_L1: 2.980 D_real: 0.712 D_fake: 0.559 semi_sup: 0.019 
(epoch: 77, iters: 3920, time: 0.078, data: 0.010) G_GAN: 0.712 G_L1: 2.757 D_real: 0.790 D_fake: 0.518 semi_sup: 0.019 
End of epoch 77 / 100 	 Time Taken: 229 sec
learning rate 0.0002000 -> 0.0002000
(epoch: 78, iters: 140, time: 0.069, data: 0.010) G_GAN: 0.776 G_L1: 2.898 D_real: 0.630 D_fake: 0.572 semi_sup: 0.018 
(epoch: 78, iters: 840, time: 0.078, data: 0.579) G_GAN: 0.730 G_L1: 2.893 D_real: 0.746 D_fake: 0.595 semi_sup: 0.020 
(epoch: 78, iters: 1540, time: 0.078, data: 0.010) G_GAN: 0.793 G_L1: 2.833 D_real: 0.619 D_fake: 0.718 semi_sup: 0.019 
(epoch: 78, iters: 2240, time: 0.066, data: 0.012) G_GAN: 0.570 G_L1: 2.860 D_real: 0.962 D_fake: 0.540 semi_sup: 0.019 
(epoch: 78, iters: 2940, time: 0.078, data: 0.007) G_GAN: 1.013 G_L1: 2.904 D_real: 0.467 D_fake: 0.877 semi_sup: 0.019 
(epoch: 78, iters: 3640, time: 0.078, data: 0.010) G_GAN: 0.766 G_L1: 2.865 D_real: 0.627 D_fake: 0.675 semi_sup: 0.018 
(epoch: 78, iters: 4340, time: 0.078, data: 0.012) G_GAN: 0.659 G_L1: 2.819 D_real: 0.735 D_fake: 0.578 semi_sup: 0.019 
End of epoch 78 / 100 	 Time Taken: 229 sec
learning rate 0.0002000 -> 0.0002000
(epoch: 79, iters: 560, time: 0.081, data: 0.009) G_GAN: 0.683 G_L1: 2.699 D_real: 0.815 D_fake: 0.610 semi_sup: 0.019 
saving the latest model (epoch 79, total_iters 350000)
(epoch: 79, iters: 1260, time: 0.078, data: 0.010) G_GAN: 0.851 G_L1: 2.853 D_real: 0.532 D_fake: 0.788 semi_sup: 0.018 
(epoch: 79, iters: 1960, time: 0.078, data: 0.009) G_GAN: 0.862 G_L1: 2.806 D_real: 0.559 D_fake: 0.792 semi_sup: 0.017 
(epoch: 79, iters: 2660, time: 0.078, data: 0.009) G_GAN: 0.861 G_L1: 2.974 D_real: 0.738 D_fake: 0.578 semi_sup: 0.018 
(epoch: 79, iters: 3360, time: 0.078, data: 0.016) G_GAN: 0.731 G_L1: 3.002 D_real: 0.628 D_fake: 0.634 semi_sup: 0.019 
(epoch: 79, iters: 4060, time: 0.078, data: 0.010) G_GAN: 0.757 G_L1: 2.841 D_real: 0.621 D_fake: 0.740 semi_sup: 0.018 
End of epoch 79 / 100 	 Time Taken: 230 sec
learning rate 0.0002000 -> 0.0002000
(epoch: 80, iters: 280, time: 0.078, data: 0.010) G_GAN: 0.749 G_L1: 2.859 D_real: 0.628 D_fake: 0.732 semi_sup: 0.018 
(epoch: 80, iters: 980, time: 0.078, data: 0.010) G_GAN: 0.798 G_L1: 2.829 D_real: 0.574 D_fake: 0.731 semi_sup: 0.019 
(epoch: 80, iters: 1680, time: 0.081, data: 0.010) G_GAN: 0.895 G_L1: 2.960 D_real: 0.580 D_fake: 0.606 semi_sup: 0.019 
(epoch: 80, iters: 2380, time: 0.078, data: 0.009) G_GAN: 0.828 G_L1: 2.929 D_real: 0.577 D_fake: 0.701 semi_sup: 0.018 
(epoch: 80, iters: 3080, time: 0.078, data: 0.015) G_GAN: 0.798 G_L1: 2.773 D_real: 0.563 D_fake: 0.739 semi_sup: 0.019 
(epoch: 80, iters: 3780, time: 0.078, data: 0.010) G_GAN: 0.732 G_L1: 2.847 D_real: 0.610 D_fake: 0.682 semi_sup: 0.018 
(epoch: 80, iters: 4480, time: 0.064, data: 0.009) G_GAN: 0.844 G_L1: 2.917 D_real: 0.689 D_fake: 0.790 semi_sup: 0.020 
saving the model at the end of epoch 80, iters 358400
End of epoch 80 / 100 	 Time Taken: 233 sec
learning rate 0.0002000 -> 0.0002000
(epoch: 81, iters: 700, time: 0.078, data: 0.506) G_GAN: 0.829 G_L1: 2.832 D_real: 0.661 D_fake: 0.570 semi_sup: 0.017 
(epoch: 81, iters: 1400, time: 0.078, data: 0.015) G_GAN: 1.016 G_L1: 2.846 D_real: 0.596 D_fake: 0.742 semi_sup: 0.017 
(epoch: 81, iters: 2100, time: 0.078, data: 0.009) G_GAN: 0.881 G_L1: 2.918 D_real: 0.606 D_fake: 0.659 semi_sup: 0.019 
(epoch: 81, iters: 2800, time: 0.081, data: 0.010) G_GAN: 0.950 G_L1: 2.886 D_real: 0.493 D_fake: 0.709 semi_sup: 0.018 
(epoch: 81, iters: 3500, time: 0.078, data: 0.010) G_GAN: 0.823 G_L1: 2.821 D_real: 0.609 D_fake: 0.664 semi_sup: 0.017 
(epoch: 81, iters: 4200, time: 0.078, data: 0.010) G_GAN: 0.752 G_L1: 2.884 D_real: 0.838 D_fake: 0.589 semi_sup: 0.019 
End of epoch 81 / 100 	 Time Taken: 228 sec
learning rate 0.0002000 -> 0.0002000
(epoch: 82, iters: 420, time: 0.078, data: 0.010) G_GAN: 1.016 G_L1: 3.024 D_real: 0.505 D_fake: 0.865 semi_sup: 0.021 
(epoch: 82, iters: 1120, time: 0.081, data: 0.010) G_GAN: 1.029 G_L1: 3.147 D_real: 0.506 D_fake: 0.724 semi_sup: 0.019 
saving the latest model (epoch 82, total_iters 364000)
(epoch: 82, iters: 1820, time: 0.078, data: 0.016) G_GAN: 0.820 G_L1: 2.809 D_real: 0.617 D_fake: 0.609 semi_sup: 0.018 
(epoch: 82, iters: 2520, time: 0.069, data: 0.010) G_GAN: 0.664 G_L1: 2.863 D_real: 0.831 D_fake: 0.540 semi_sup: 0.020 
(epoch: 82, iters: 3220, time: 0.078, data: 0.607) G_GAN: 0.856 G_L1: 2.820 D_real: 0.524 D_fake: 0.863 semi_sup: 0.018 
(epoch: 82, iters: 3920, time: 0.078, data: 0.010) G_GAN: 0.707 G_L1: 2.706 D_real: 0.718 D_fake: 0.561 semi_sup: 0.017 
End of epoch 82 / 100 	 Time Taken: 231 sec
learning rate 0.0002000 -> 0.0002000
(epoch: 83, iters: 140, time: 0.064, data: 0.010) G_GAN: 0.786 G_L1: 2.827 D_real: 0.670 D_fake: 0.748 semi_sup: 0.019 
(epoch: 83, iters: 840, time: 0.078, data: 0.009) G_GAN: 0.707 G_L1: 2.909 D_real: 0.838 D_fake: 0.521 semi_sup: 0.018 
(epoch: 83, iters: 1540, time: 0.078, data: 0.015) G_GAN: 1.164 G_L1: 3.187 D_real: 0.427 D_fake: 0.762 semi_sup: 0.019 
(epoch: 83, iters: 2240, time: 0.081, data: 0.010) G_GAN: 0.782 G_L1: 2.772 D_real: 0.713 D_fake: 0.659 semi_sup: 0.018 
(epoch: 83, iters: 2940, time: 0.078, data: 0.011) G_GAN: 0.807 G_L1: 2.924 D_real: 0.670 D_fake: 0.599 semi_sup: 0.017 
(epoch: 83, iters: 3640, time: 0.078, data: 0.010) G_GAN: 0.972 G_L1: 3.050 D_real: 0.550 D_fake: 0.679 semi_sup: 0.021 
(epoch: 83, iters: 4340, time: 0.078, data: 0.010) G_GAN: 0.908 G_L1: 2.901 D_real: 0.466 D_fake: 0.773 semi_sup: 0.019 
End of epoch 83 / 100 	 Time Taken: 228 sec
learning rate 0.0002000 -> 0.0002000
(epoch: 84, iters: 560, time: 0.081, data: 0.012) G_GAN: 0.755 G_L1: 2.855 D_real: 0.720 D_fake: 0.565 semi_sup: 0.018 
(epoch: 84, iters: 1260, time: 0.078, data: 0.010) G_GAN: 0.741 G_L1: 2.940 D_real: 0.848 D_fake: 0.482 semi_sup: 0.019 
(epoch: 84, iters: 1960, time: 0.078, data: 0.009) G_GAN: 0.780 G_L1: 2.727 D_real: 0.611 D_fake: 0.756 semi_sup: 0.020 
(epoch: 84, iters: 2660, time: 0.078, data: 0.012) G_GAN: 0.992 G_L1: 3.016 D_real: 0.481 D_fake: 1.057 semi_sup: 0.019 
(epoch: 84, iters: 3360, time: 0.078, data: 0.010) G_GAN: 0.956 G_L1: 2.581 D_real: 0.785 D_fake: 1.214 semi_sup: 0.019 
(epoch: 84, iters: 4060, time: 0.078, data: 0.010) G_GAN: 0.735 G_L1: 2.733 D_real: 0.715 D_fake: 0.669 semi_sup: 0.017 
End of epoch 84 / 100 	 Time Taken: 229 sec
learning rate 0.0002000 -> 0.0002000
(epoch: 85, iters: 280, time: 0.078, data: 0.011) G_GAN: 0.729 G_L1: 2.825 D_real: 0.690 D_fake: 0.713 semi_sup: 0.020 
(epoch: 85, iters: 980, time: 0.078, data: 0.013) G_GAN: 0.676 G_L1: 2.899 D_real: 0.778 D_fake: 0.585 semi_sup: 0.020 
(epoch: 85, iters: 1680, time: 0.082, data: 0.010) G_GAN: 0.689 G_L1: 2.711 D_real: 0.742 D_fake: 0.683 semi_sup: 0.017 
saving the latest model (epoch 85, total_iters 378000)
(epoch: 85, iters: 2380, time: 0.078, data: 0.013) G_GAN: 0.636 G_L1: 2.800 D_real: 0.731 D_fake: 0.740 semi_sup: 0.019 
(epoch: 85, iters: 3080, time: 0.078, data: 0.013) G_GAN: 0.684 G_L1: 2.952 D_real: 0.722 D_fake: 0.644 semi_sup: 0.019 
(epoch: 85, iters: 3780, time: 0.078, data: 0.010) G_GAN: 0.905 G_L1: 3.027 D_real: 0.540 D_fake: 0.804 semi_sup: 0.018 
(epoch: 85, iters: 4480, time: 0.064, data: 0.013) G_GAN: 0.780 G_L1: 2.698 D_real: 0.560 D_fake: 0.751 semi_sup: 0.018 
End of epoch 85 / 100 	 Time Taken: 232 sec
learning rate 0.0002000 -> 0.0002000
(epoch: 86, iters: 700, time: 0.078, data: 0.501) G_GAN: 0.717 G_L1: 2.783 D_real: 0.735 D_fake: 0.599 semi_sup: 0.019 
(epoch: 86, iters: 1400, time: 0.078, data: 0.013) G_GAN: 0.655 G_L1: 2.839 D_real: 0.785 D_fake: 0.695 semi_sup: 0.020 
(epoch: 86, iters: 2100, time: 0.078, data: 0.010) G_GAN: 0.703 G_L1: 2.939 D_real: 0.659 D_fake: 0.694 semi_sup: 0.018 
(epoch: 86, iters: 2800, time: 0.081, data: 0.013) G_GAN: 0.713 G_L1: 2.803 D_real: 0.694 D_fake: 0.677 semi_sup: 0.019 
(epoch: 86, iters: 3500, time: 0.078, data: 0.010) G_GAN: 0.751 G_L1: 2.858 D_real: 0.597 D_fake: 0.750 semi_sup: 0.019 
(epoch: 86, iters: 4200, time: 0.078, data: 0.012) G_GAN: 0.699 G_L1: 2.918 D_real: 0.713 D_fake: 0.659 semi_sup: 0.018 
End of epoch 86 / 100 	 Time Taken: 228 sec
learning rate 0.0002000 -> 0.0002000
(epoch: 87, iters: 420, time: 0.069, data: 0.010) G_GAN: 0.806 G_L1: 2.801 D_real: 0.595 D_fake: 0.754 semi_sup: 0.019 
(epoch: 87, iters: 1120, time: 0.081, data: 0.616) G_GAN: 0.688 G_L1: 2.776 D_real: 0.698 D_fake: 0.733 semi_sup: 0.018 
(epoch: 87, iters: 1820, time: 0.078, data: 0.010) G_GAN: 0.832 G_L1: 3.031 D_real: 0.500 D_fake: 0.739 semi_sup: 0.019 
(epoch: 87, iters: 2520, time: 0.063, data: 0.010) G_GAN: 0.749 G_L1: 2.880 D_real: 0.693 D_fake: 0.690 semi_sup: 0.019 
(epoch: 87, iters: 3220, time: 0.078, data: 0.007) G_GAN: 0.718 G_L1: 2.816 D_real: 0.896 D_fake: 0.537 semi_sup: 0.020 
(epoch: 87, iters: 3920, time: 0.078, data: 0.010) G_GAN: 0.856 G_L1: 2.936 D_real: 0.600 D_fake: 0.693 semi_sup: 0.018 
End of epoch 87 / 100 	 Time Taken: 229 sec
learning rate 0.0002000 -> 0.0002000
(epoch: 88, iters: 140, time: 0.078, data: 0.010) G_GAN: 0.805 G_L1: 2.920 D_real: 0.661 D_fake: 0.588 semi_sup: 0.017 
(epoch: 88, iters: 840, time: 0.078, data: 0.009) G_GAN: 0.687 G_L1: 2.638 D_real: 0.740 D_fake: 0.591 semi_sup: 0.018 
(epoch: 88, iters: 1540, time: 0.078, data: 0.017) G_GAN: 0.746 G_L1: 2.795 D_real: 0.713 D_fake: 0.625 semi_sup: 0.019 
(epoch: 88, iters: 2240, time: 0.081, data: 0.010) G_GAN: 0.706 G_L1: 2.857 D_real: 0.832 D_fake: 0.540 semi_sup: 0.017 
saving the latest model (epoch 88, total_iters 392000)
(epoch: 88, iters: 2940, time: 0.078, data: 0.009) G_GAN: 0.699 G_L1: 2.633 D_real: 0.773 D_fake: 0.625 semi_sup: 0.017 
(epoch: 88, iters: 3640, time: 0.078, data: 0.010) G_GAN: 0.731 G_L1: 2.732 D_real: 0.673 D_fake: 0.704 semi_sup: 0.020 
(epoch: 88, iters: 4340, time: 0.078, data: 0.010) G_GAN: 0.914 G_L1: 2.975 D_real: 0.545 D_fake: 0.683 semi_sup: 0.018 
End of epoch 88 / 100 	 Time Taken: 230 sec
learning rate 0.0002000 -> 0.0002000
(epoch: 89, iters: 560, time: 0.081, data: 0.011) G_GAN: 1.001 G_L1: 2.894 D_real: 0.418 D_fake: 0.879 semi_sup: 0.018 
(epoch: 89, iters: 1260, time: 0.078, data: 0.010) G_GAN: 0.836 G_L1: 2.645 D_real: 0.554 D_fake: 0.705 semi_sup: 0.016 
(epoch: 89, iters: 1960, time: 0.078, data: 0.009) G_GAN: 0.727 G_L1: 2.654 D_real: 0.618 D_fake: 0.685 semi_sup: 0.016 
(epoch: 89, iters: 2660, time: 0.078, data: 0.009) G_GAN: 0.866 G_L1: 2.903 D_real: 0.590 D_fake: 0.689 semi_sup: 0.018 
(epoch: 89, iters: 3360, time: 0.078, data: 0.012) G_GAN: 0.757 G_L1: 2.809 D_real: 0.750 D_fake: 0.571 semi_sup: 0.019 
(epoch: 89, iters: 4060, time: 0.078, data: 0.012) G_GAN: 0.771 G_L1: 3.070 D_real: 0.568 D_fake: 0.720 semi_sup: 0.021 
End of epoch 89 / 100 	 Time Taken: 228 sec
learning rate 0.0002000 -> 0.0002000
(epoch: 90, iters: 280, time: 0.078, data: 0.010) G_GAN: 0.836 G_L1: 2.771 D_real: 0.623 D_fake: 0.603 semi_sup: 0.016 
(epoch: 90, iters: 980, time: 0.078, data: 0.012) G_GAN: 0.902 G_L1: 2.908 D_real: 0.576 D_fake: 0.597 semi_sup: 0.017 
(epoch: 90, iters: 1680, time: 0.081, data: 0.010) G_GAN: 1.046 G_L1: 3.087 D_real: 0.371 D_fake: 0.890 semi_sup: 0.018 
(epoch: 90, iters: 2380, time: 0.078, data: 0.009) G_GAN: 0.734 G_L1: 2.870 D_real: 0.764 D_fake: 0.609 semi_sup: 0.019 
(epoch: 90, iters: 3080, time: 0.078, data: 0.010) G_GAN: 0.691 G_L1: 2.872 D_real: 1.028 D_fake: 0.384 semi_sup: 0.019 
(epoch: 90, iters: 3780, time: 0.078, data: 0.010) G_GAN: 0.727 G_L1: 2.909 D_real: 0.860 D_fake: 0.513 semi_sup: 0.019 
(epoch: 90, iters: 4480, time: 0.064, data: 0.010) G_GAN: 0.938 G_L1: 2.991 D_real: 0.470 D_fake: 0.721 semi_sup: 0.017 
End of epoch 90 / 100 	 Time Taken: 230 sec
learning rate 0.0002000 -> 0.0002000
(epoch: 91, iters: 700, time: 0.078, data: 0.494) G_GAN: 0.620 G_L1: 2.621 D_real: 0.832 D_fake: 0.601 semi_sup: 0.020 
(epoch: 91, iters: 1400, time: 0.078, data: 0.010) G_GAN: 0.800 G_L1: 2.878 D_real: 0.635 D_fake: 0.593 semi_sup: 0.018 
(epoch: 91, iters: 2100, time: 0.078, data: 0.010) G_GAN: 0.787 G_L1: 2.841 D_real: 0.674 D_fake: 0.627 semi_sup: 0.018 
(epoch: 91, iters: 2800, time: 0.071, data: 0.012) G_GAN: 0.713 G_L1: 2.963 D_real: 0.738 D_fake: 0.550 semi_sup: 0.020 
saving the latest model (epoch 91, total_iters 406000)
(epoch: 91, iters: 3500, time: 0.079, data: 0.599) G_GAN: 0.939 G_L1: 2.923 D_real: 0.539 D_fake: 0.759 semi_sup: 0.019 
(epoch: 91, iters: 4200, time: 0.077, data: 0.012) G_GAN: 0.616 G_L1: 2.975 D_real: 0.911 D_fake: 0.503 semi_sup: 0.021 
End of epoch 91 / 100 	 Time Taken: 230 sec
learning rate 0.0002000 -> 0.0002000
(epoch: 92, iters: 420, time: 0.062, data: 0.010) G_GAN: 0.746 G_L1: 2.818 D_real: 0.703 D_fake: 0.633 semi_sup: 0.020 
(epoch: 92, iters: 1120, time: 0.082, data: 0.007) G_GAN: 0.794 G_L1: 2.924 D_real: 0.633 D_fake: 0.592 semi_sup: 0.017 
(epoch: 92, iters: 1820, time: 0.078, data: 0.010) G_GAN: 0.759 G_L1: 2.857 D_real: 0.689 D_fake: 0.593 semi_sup: 0.018 
(epoch: 92, iters: 2520, time: 0.077, data: 0.010) G_GAN: 0.821 G_L1: 2.816 D_real: 0.547 D_fake: 0.773 semi_sup: 0.018 
(epoch: 92, iters: 3220, time: 0.078, data: 0.011) G_GAN: 0.991 G_L1: 3.002 D_real: 0.474 D_fake: 0.706 semi_sup: 0.019 
(epoch: 92, iters: 3920, time: 0.077, data: 0.016) G_GAN: 0.701 G_L1: 2.806 D_real: 0.788 D_fake: 0.471 semi_sup: 0.017 
End of epoch 92 / 100 	 Time Taken: 227 sec
learning rate 0.0002000 -> 0.0002000
(epoch: 93, iters: 140, time: 0.077, data: 0.010) G_GAN: 0.645 G_L1: 2.848 D_real: 0.899 D_fake: 0.479 semi_sup: 0.018 
(epoch: 93, iters: 840, time: 0.077, data: 0.011) G_GAN: 0.711 G_L1: 2.711 D_real: 0.729 D_fake: 0.557 semi_sup: 0.018 
(epoch: 93, iters: 1540, time: 0.077, data: 0.010) G_GAN: 0.810 G_L1: 2.667 D_real: 0.571 D_fake: 0.631 semi_sup: 0.016 
(epoch: 93, iters: 2240, time: 0.080, data: 0.010) G_GAN: 0.700 G_L1: 2.925 D_real: 0.668 D_fake: 0.706 semi_sup: 0.019 
(epoch: 93, iters: 2940, time: 0.077, data: 0.013) G_GAN: 0.786 G_L1: 2.827 D_real: 0.612 D_fake: 0.659 semi_sup: 0.018 
(epoch: 93, iters: 3640, time: 0.078, data: 0.012) G_GAN: 0.987 G_L1: 2.933 D_real: 0.493 D_fake: 0.793 semi_sup: 0.020 
(epoch: 93, iters: 4340, time: 0.078, data: 0.010) G_GAN: 0.936 G_L1: 2.897 D_real: 0.566 D_fake: 0.586 semi_sup: 0.017 
End of epoch 93 / 100 	 Time Taken: 227 sec
learning rate 0.0002000 -> 0.0002000
(epoch: 94, iters: 560, time: 0.083, data: 0.009) G_GAN: 0.774 G_L1: 2.633 D_real: 0.581 D_fake: 0.686 semi_sup: 0.016 
(epoch: 94, iters: 1260, time: 0.078, data: 0.015) G_GAN: 0.841 G_L1: 2.902 D_real: 0.570 D_fake: 0.749 semi_sup: 0.018 
(epoch: 94, iters: 1960, time: 0.078, data: 0.009) G_GAN: 0.873 G_L1: 2.729 D_real: 0.498 D_fake: 0.725 semi_sup: 0.017 
(epoch: 94, iters: 2660, time: 0.079, data: 0.009) G_GAN: 0.777 G_L1: 2.887 D_real: 0.631 D_fake: 0.644 semi_sup: 0.018 
(epoch: 94, iters: 3360, time: 0.081, data: 0.010) G_GAN: 0.892 G_L1: 2.922 D_real: 0.550 D_fake: 0.687 semi_sup: 0.018 
saving the latest model (epoch 94, total_iters 420000)
(epoch: 94, iters: 4060, time: 0.079, data: 0.010) G_GAN: 0.710 G_L1: 2.931 D_real: 0.695 D_fake: 0.542 semi_sup: 0.018 
End of epoch 94 / 100 	 Time Taken: 231 sec
learning rate 0.0002000 -> 0.0002000
(epoch: 95, iters: 280, time: 0.078, data: 0.010) G_GAN: 0.832 G_L1: 2.788 D_real: 0.645 D_fake: 0.623 semi_sup: 0.017 
(epoch: 95, iters: 980, time: 0.078, data: 0.012) G_GAN: 0.898 G_L1: 2.766 D_real: 0.589 D_fake: 0.634 semi_sup: 0.017 
(epoch: 95, iters: 1680, time: 0.081, data: 0.010) G_GAN: 1.002 G_L1: 2.993 D_real: 0.465 D_fake: 0.787 semi_sup: 0.019 
(epoch: 95, iters: 2380, time: 0.078, data: 0.012) G_GAN: 0.754 G_L1: 2.856 D_real: 0.737 D_fake: 0.545 semi_sup: 0.019 
(epoch: 95, iters: 3080, time: 0.078, data: 0.010) G_GAN: 0.857 G_L1: 2.849 D_real: 0.636 D_fake: 0.598 semi_sup: 0.016 
(epoch: 95, iters: 3780, time: 0.078, data: 0.012) G_GAN: 0.745 G_L1: 2.848 D_real: 0.693 D_fake: 0.645 semi_sup: 0.019 
(epoch: 95, iters: 4480, time: 0.064, data: 0.010) G_GAN: 0.935 G_L1: 2.955 D_real: 0.549 D_fake: 0.805 semi_sup: 0.020 
End of epoch 95 / 100 	 Time Taken: 231 sec
learning rate 0.0002000 -> 0.0002000
(epoch: 96, iters: 700, time: 0.069, data: 0.502) G_GAN: 0.767 G_L1: 2.927 D_real: 0.753 D_fake: 0.652 semi_sup: 0.018 
(epoch: 96, iters: 1400, time: 0.078, data: 0.600) G_GAN: 0.825 G_L1: 2.886 D_real: 0.823 D_fake: 0.588 semi_sup: 0.020 
(epoch: 96, iters: 2100, time: 0.079, data: 0.010) G_GAN: 0.973 G_L1: 2.850 D_real: 0.503 D_fake: 0.854 semi_sup: 0.018 
(epoch: 96, iters: 2800, time: 0.067, data: 0.010) G_GAN: 0.895 G_L1: 2.899 D_real: 0.553 D_fake: 0.677 semi_sup: 0.017 
(epoch: 96, iters: 3500, time: 0.079, data: 0.009) G_GAN: 0.845 G_L1: 2.937 D_real: 0.579 D_fake: 0.634 semi_sup: 0.018 
(epoch: 96, iters: 4200, time: 0.078, data: 0.010) G_GAN: 0.924 G_L1: 2.918 D_real: 0.533 D_fake: 0.761 semi_sup: 0.019 
End of epoch 96 / 100 	 Time Taken: 230 sec
learning rate 0.0002000 -> 0.0002000
(epoch: 97, iters: 420, time: 0.079, data: 0.010) G_GAN: 0.874 G_L1: 2.792 D_real: 0.543 D_fake: 0.661 semi_sup: 0.016 
(epoch: 97, iters: 1120, time: 0.081, data: 0.009) G_GAN: 0.995 G_L1: 2.886 D_real: 0.510 D_fake: 0.701 semi_sup: 0.018 
(epoch: 97, iters: 1820, time: 0.079, data: 0.010) G_GAN: 0.849 G_L1: 2.652 D_real: 0.536 D_fake: 0.739 semi_sup: 0.018 
(epoch: 97, iters: 2520, time: 0.079, data: 0.010) G_GAN: 0.640 G_L1: 2.884 D_real: 0.795 D_fake: 0.461 semi_sup: 0.018 
(epoch: 97, iters: 3220, time: 0.078, data: 0.010) G_GAN: 0.855 G_L1: 2.883 D_real: 0.590 D_fake: 0.663 semi_sup: 0.018 
(epoch: 97, iters: 3920, time: 0.081, data: 0.010) G_GAN: 1.029 G_L1: 2.948 D_real: 0.528 D_fake: 0.705 semi_sup: 0.018 
saving the latest model (epoch 97, total_iters 434000)
End of epoch 97 / 100 	 Time Taken: 231 sec
learning rate 0.0002000 -> 0.0002000
(epoch: 98, iters: 140, time: 0.079, data: 0.010) G_GAN: 0.667 G_L1: 2.850 D_real: 0.897 D_fake: 0.420 semi_sup: 0.018 
(epoch: 98, iters: 840, time: 0.078, data: 0.018) G_GAN: 0.934 G_L1: 2.915 D_real: 0.615 D_fake: 0.603 semi_sup: 0.019 
(epoch: 98, iters: 1540, time: 0.078, data: 0.012) G_GAN: 0.858 G_L1: 2.804 D_real: 0.596 D_fake: 0.648 semi_sup: 0.018 
(epoch: 98, iters: 2240, time: 0.081, data: 0.012) G_GAN: 0.791 G_L1: 2.870 D_real: 0.563 D_fake: 0.664 semi_sup: 0.018 
(epoch: 98, iters: 2940, time: 0.078, data: 0.014) G_GAN: 1.029 G_L1: 2.967 D_real: 0.550 D_fake: 0.651 semi_sup: 0.019 
(epoch: 98, iters: 3640, time: 0.078, data: 0.010) G_GAN: 0.974 G_L1: 2.981 D_real: 0.425 D_fake: 0.733 semi_sup: 0.017 
(epoch: 98, iters: 4340, time: 0.078, data: 0.010) G_GAN: 1.395 G_L1: 2.739 D_real: 1.109 D_fake: 1.378 semi_sup: 0.017 
End of epoch 98 / 100 	 Time Taken: 229 sec
learning rate 0.0002000 -> 0.0002000
(epoch: 99, iters: 560, time: 0.083, data: 0.009) G_GAN: 0.717 G_L1: 2.815 D_real: 0.723 D_fake: 0.744 semi_sup: 0.019 
(epoch: 99, iters: 1260, time: 0.078, data: 0.016) G_GAN: 0.620 G_L1: 2.875 D_real: 0.713 D_fake: 0.612 semi_sup: 0.018 
(epoch: 99, iters: 1960, time: 0.078, data: 0.012) G_GAN: 0.723 G_L1: 2.814 D_real: 0.699 D_fake: 0.627 semi_sup: 0.018 
(epoch: 99, iters: 2660, time: 0.079, data: 0.010) G_GAN: 0.878 G_L1: 2.951 D_real: 0.447 D_fake: 0.920 semi_sup: 0.019 
(epoch: 99, iters: 3360, time: 0.078, data: 0.010) G_GAN: 0.631 G_L1: 2.640 D_real: 0.752 D_fake: 0.704 semi_sup: 0.017 
(epoch: 99, iters: 4060, time: 0.078, data: 0.010) G_GAN: 0.762 G_L1: 2.797 D_real: 0.751 D_fake: 0.685 semi_sup: 0.019 
End of epoch 99 / 100 	 Time Taken: 229 sec
learning rate 0.0002000 -> 0.0000000
(epoch: 100, iters: 280, time: 0.078, data: 0.010) G_GAN: 0.869 G_L1: 2.803 D_real: 0.793 D_fake: 0.572 semi_sup: 0.017 
(epoch: 100, iters: 980, time: 0.078, data: 0.015) G_GAN: 0.870 G_L1: 2.767 D_real: 0.813 D_fake: 0.572 semi_sup: 0.017 
(epoch: 100, iters: 1680, time: 0.081, data: 0.010) G_GAN: 0.884 G_L1: 2.776 D_real: 0.749 D_fake: 0.562 semi_sup: 0.018 
(epoch: 100, iters: 2380, time: 0.078, data: 0.010) G_GAN: 0.902 G_L1: 2.879 D_real: 0.691 D_fake: 0.548 semi_sup: 0.017 
(epoch: 100, iters: 3080, time: 0.069, data: 0.010) G_GAN: 0.888 G_L1: 2.962 D_real: 0.734 D_fake: 0.560 semi_sup: 0.017 
(epoch: 100, iters: 3780, time: 0.078, data: 0.623) G_GAN: 0.928 G_L1: 2.810 D_real: 0.765 D_fake: 0.531 semi_sup: 0.017 
(epoch: 100, iters: 4480, time: 0.067, data: 0.010) G_GAN: 0.928 G_L1: 2.848 D_real: 0.768 D_fake: 0.531 semi_sup: 0.017 
saving the latest model (epoch 100, total_iters 448000)
saving the model at the end of epoch 100, iters 448000
End of epoch 100 / 100 	 Time Taken: 236 sec
